{"C:\\Users\\Dewa\\Desktop\\dibimbing\\React\\mini project dewa\\src\\App.jsx": {"path":"C:\\Users\\Dewa\\Desktop\\dibimbing\\React\\mini project dewa\\src\\App.jsx","statementMap":{"0":{"start":{"line":6,"column":14},"end":{"line":6,"column":55}},"1":{"start":{"line":6,"column":25},"end":{"line":6,"column":54}},"2":{"start":{"line":7,"column":17},"end":{"line":7,"column":64}},"3":{"start":{"line":7,"column":28},"end":{"line":7,"column":63}},"4":{"start":{"line":8,"column":13},"end":{"line":8,"column":52}},"5":{"start":{"line":8,"column":24},"end":{"line":8,"column":51}},"6":{"start":{"line":9,"column":18},"end":{"line":9,"column":67}},"7":{"start":{"line":9,"column":29},"end":{"line":9,"column":66}},"8":{"start":{"line":10,"column":19},"end":{"line":10,"column":70}},"9":{"start":{"line":10,"column":30},"end":{"line":10,"column":69}},"10":{"start":{"line":11,"column":17},"end":{"line":11,"column":64}},"11":{"start":{"line":11,"column":28},"end":{"line":11,"column":63}},"12":{"start":{"line":13,"column":19},"end":{"line":17,"column":1}},"13":{"start":{"line":14,"column":2},"end":{"line":16,"column":8}},"14":{"start":{"line":20,"column":2},"end":{"line":56,"column":4}}},"fnMap":{"0":{"name":"(anonymous_0)","decl":{"start":{"line":6,"column":19},"end":{"line":6,"column":20}},"loc":{"start":{"line":6,"column":25},"end":{"line":6,"column":54}},"line":6},"1":{"name":"(anonymous_1)","decl":{"start":{"line":7,"column":22},"end":{"line":7,"column":23}},"loc":{"start":{"line":7,"column":28},"end":{"line":7,"column":63}},"line":7},"2":{"name":"(anonymous_2)","decl":{"start":{"line":8,"column":18},"end":{"line":8,"column":19}},"loc":{"start":{"line":8,"column":24},"end":{"line":8,"column":51}},"line":8},"3":{"name":"(anonymous_3)","decl":{"start":{"line":9,"column":23},"end":{"line":9,"column":24}},"loc":{"start":{"line":9,"column":29},"end":{"line":9,"column":66}},"line":9},"4":{"name":"(anonymous_4)","decl":{"start":{"line":10,"column":24},"end":{"line":10,"column":25}},"loc":{"start":{"line":10,"column":30},"end":{"line":10,"column":69}},"line":10},"5":{"name":"(anonymous_5)","decl":{"start":{"line":11,"column":22},"end":{"line":11,"column":23}},"loc":{"start":{"line":11,"column":28},"end":{"line":11,"column":63}},"line":11},"6":{"name":"(anonymous_6)","decl":{"start":{"line":13,"column":19},"end":{"line":13,"column":20}},"loc":{"start":{"line":14,"column":2},"end":{"line":16,"column":8}},"line":14},"7":{"name":"App","decl":{"start":{"line":19,"column":9},"end":{"line":19,"column":12}},"loc":{"start":{"line":19,"column":15},"end":{"line":57,"column":1}},"line":19}},"branchMap":{},"s":{"0":0,"1":0,"2":0,"3":0,"4":0,"5":0,"6":0,"7":0,"8":0,"9":0,"10":0,"11":0,"12":0,"13":0,"14":0},"f":{"0":0,"1":0,"2":0,"3":0,"4":0,"5":0,"6":0,"7":0},"b":{}}
,"C:\\Users\\Dewa\\Desktop\\dibimbing\\React\\mini project dewa\\src\\test_utils.jsx": {"path":"C:\\Users\\Dewa\\Desktop\\dibimbing\\React\\mini project dewa\\src\\test_utils.jsx","statementMap":{"0":{"start":{"line":21,"column":27},"end":{"line":27,"column":3}},"1":{"start":{"line":22,"column":4},"end":{"line":26,"column":6}},"2":{"start":{"line":29,"column":2},"end":{"line":36,"column":4}}},"fnMap":{"0":{"name":"renderWithProviders","decl":{"start":{"line":6,"column":16},"end":{"line":6,"column":35}},"loc":{"start":{"line":20,"column":2},"end":{"line":37,"column":1}},"line":20},"1":{"name":"(anonymous_1)","decl":{"start":{"line":21,"column":27},"end":{"line":21,"column":28}},"loc":{"start":{"line":21,"column":45},"end":{"line":27,"column":3}},"line":21}},"branchMap":{"0":{"loc":{"start":{"line":8,"column":2},"end":{"line":19,"column":8}},"type":"default-arg","locations":[{"start":{"line":19,"column":6},"end":{"line":19,"column":8}}],"line":8},"1":{"loc":{"start":{"line":9,"column":4},"end":{"line":9,"column":15}},"type":"default-arg","locations":[{"start":{"line":9,"column":12},"end":{"line":9,"column":15}}],"line":9},"2":{"loc":{"start":{"line":10,"column":4},"end":{"line":17,"column":5}},"type":"default-arg","locations":[{"start":{"line":10,"column":16},"end":{"line":17,"column":5}}],"line":10}},"s":{"0":8,"1":8,"2":8},"f":{"0":8,"1":8},"b":{"0":[2],"1":[2],"2":[2]},"_coverageSchema":"1a1c01bbd47fc00a2c39e90264f33305004495a9","hash":"08c33f13491eb92d25db96c861b3b09685502d63"}
,"C:\\Users\\Dewa\\Desktop\\dibimbing\\React\\mini project dewa\\src\\Context\\AuthContext.jsx": {"path":"C:\\Users\\Dewa\\Desktop\\dibimbing\\React\\mini project dewa\\src\\Context\\AuthContext.jsx","statementMap":{"0":{"start":{"line":4,"column":27},"end":{"line":4,"column":42}},"1":{"start":{"line":6,"column":23},"end":{"line":12,"column":1}},"2":{"start":{"line":7,"column":18},"end":{"line":7,"column":41}},"3":{"start":{"line":8,"column":2},"end":{"line":10,"column":3}},"4":{"start":{"line":9,"column":4},"end":{"line":9,"column":67}},"5":{"start":{"line":11,"column":2},"end":{"line":11,"column":17}},"6":{"start":{"line":14,"column":28},"end":{"line":65,"column":1}},"7":{"start":{"line":15,"column":48},"end":{"line":15,"column":63}},"8":{"start":{"line":16,"column":26},"end":{"line":16,"column":40}},"9":{"start":{"line":17,"column":32},"end":{"line":17,"column":46}},"10":{"start":{"line":19,"column":2},"end":{"line":21,"column":9}},"11":{"start":{"line":20,"column":4},"end":{"line":20,"column":16}},"12":{"start":{"line":23,"column":20},"end":{"line":35,"column":3}},"13":{"start":{"line":24,"column":18},"end":{"line":24,"column":47}},"14":{"start":{"line":25,"column":24},"end":{"line":25,"column":59}},"15":{"start":{"line":27,"column":4},"end":{"line":33,"column":5}},"16":{"start":{"line":28,"column":6},"end":{"line":28,"column":31}},"17":{"start":{"line":29,"column":6},"end":{"line":29,"column":39}},"18":{"start":{"line":31,"column":6},"end":{"line":31,"column":32}},"19":{"start":{"line":32,"column":6},"end":{"line":32,"column":20}},"20":{"start":{"line":34,"column":4},"end":{"line":34,"column":22}},"21":{"start":{"line":37,"column":16},"end":{"line":42,"column":3}},"22":{"start":{"line":38,"column":4},"end":{"line":38,"column":41}},"23":{"start":{"line":39,"column":4},"end":{"line":39,"column":66}},"24":{"start":{"line":40,"column":4},"end":{"line":40,"column":29}},"25":{"start":{"line":41,"column":4},"end":{"line":41,"column":22}},"26":{"start":{"line":44,"column":17},"end":{"line":49,"column":3}},"27":{"start":{"line":45,"column":4},"end":{"line":45,"column":37}},"28":{"start":{"line":46,"column":4},"end":{"line":46,"column":43}},"29":{"start":{"line":47,"column":4},"end":{"line":47,"column":30}},"30":{"start":{"line":48,"column":4},"end":{"line":48,"column":18}},"31":{"start":{"line":51,"column":16},"end":{"line":58,"column":3}},"32":{"start":{"line":60,"column":2},"end":{"line":64,"column":4}}},"fnMap":{"0":{"name":"(anonymous_0)","decl":{"start":{"line":6,"column":23},"end":{"line":6,"column":24}},"loc":{"start":{"line":6,"column":29},"end":{"line":12,"column":1}},"line":6},"1":{"name":"(anonymous_1)","decl":{"start":{"line":14,"column":28},"end":{"line":14,"column":29}},"loc":{"start":{"line":14,"column":46},"end":{"line":65,"column":1}},"line":14},"2":{"name":"(anonymous_2)","decl":{"start":{"line":19,"column":12},"end":{"line":19,"column":13}},"loc":{"start":{"line":19,"column":18},"end":{"line":21,"column":3}},"line":19},"3":{"name":"(anonymous_3)","decl":{"start":{"line":23,"column":20},"end":{"line":23,"column":21}},"loc":{"start":{"line":23,"column":26},"end":{"line":35,"column":3}},"line":23},"4":{"name":"(anonymous_4)","decl":{"start":{"line":37,"column":16},"end":{"line":37,"column":17}},"loc":{"start":{"line":37,"column":37},"end":{"line":42,"column":3}},"line":37},"5":{"name":"(anonymous_5)","decl":{"start":{"line":44,"column":17},"end":{"line":44,"column":18}},"loc":{"start":{"line":44,"column":23},"end":{"line":49,"column":3}},"line":44}},"branchMap":{"0":{"loc":{"start":{"line":8,"column":2},"end":{"line":10,"column":3}},"type":"if","locations":[{"start":{"line":8,"column":2},"end":{"line":10,"column":3}},{"start":{},"end":{}}],"line":8},"1":{"loc":{"start":{"line":27,"column":4},"end":{"line":33,"column":5}},"type":"if","locations":[{"start":{"line":27,"column":4},"end":{"line":33,"column":5}},{"start":{"line":30,"column":11},"end":{"line":33,"column":5}}],"line":27},"2":{"loc":{"start":{"line":27,"column":8},"end":{"line":27,"column":28}},"type":"binary-expr","locations":[{"start":{"line":27,"column":8},"end":{"line":27,"column":13}},{"start":{"line":27,"column":17},"end":{"line":27,"column":28}}],"line":27}},"s":{"0":0,"1":0,"2":0,"3":0,"4":0,"5":0,"6":0,"7":0,"8":0,"9":0,"10":0,"11":0,"12":0,"13":0,"14":0,"15":0,"16":0,"17":0,"18":0,"19":0,"20":0,"21":0,"22":0,"23":0,"24":0,"25":0,"26":0,"27":0,"28":0,"29":0,"30":0,"31":0,"32":0},"f":{"0":0,"1":0,"2":0,"3":0,"4":0,"5":0},"b":{"0":[0,0],"1":[0,0],"2":[0,0]}}
,"C:\\Users\\Dewa\\Desktop\\dibimbing\\React\\mini project dewa\\src\\components\\About.jsx": {"path":"C:\\Users\\Dewa\\Desktop\\dibimbing\\React\\mini project dewa\\src\\components\\About.jsx","statementMap":{"0":{"start":{"line":2,"column":2},"end":{"line":17,"column":4}}},"fnMap":{"0":{"name":"About","decl":{"start":{"line":1,"column":9},"end":{"line":1,"column":14}},"loc":{"start":{"line":1,"column":17},"end":{"line":18,"column":1}},"line":1}},"branchMap":{},"s":{"0":2},"f":{"0":2},"b":{},"_coverageSchema":"1a1c01bbd47fc00a2c39e90264f33305004495a9","hash":"eceacb46eba52c640430520100cf3e429c2d1d98"}
,"C:\\Users\\Dewa\\Desktop\\dibimbing\\React\\mini project dewa\\src\\components\\Contact.jsx": {"path":"C:\\Users\\Dewa\\Desktop\\dibimbing\\React\\mini project dewa\\src\\components\\Contact.jsx","statementMap":{"0":{"start":{"line":2,"column":2},"end":{"line":32,"column":4}}},"fnMap":{"0":{"name":"Contact","decl":{"start":{"line":1,"column":9},"end":{"line":1,"column":16}},"loc":{"start":{"line":1,"column":19},"end":{"line":33,"column":1}},"line":1}},"branchMap":{},"s":{"0":2},"f":{"0":2},"b":{},"_coverageSchema":"1a1c01bbd47fc00a2c39e90264f33305004495a9","hash":"ca0715dd22ae0ac730c1d6de94eea1dfbe2b3fd9"}
,"C:\\Users\\Dewa\\Desktop\\dibimbing\\React\\mini project dewa\\src\\components\\Footer.jsx": {"path":"C:\\Users\\Dewa\\Desktop\\dibimbing\\React\\mini project dewa\\src\\components\\Footer.jsx","statementMap":{"0":{"start":{"line":2,"column":2},"end":{"line":11,"column":4}}},"fnMap":{"0":{"name":"Footer","decl":{"start":{"line":1,"column":9},"end":{"line":1,"column":15}},"loc":{"start":{"line":1,"column":18},"end":{"line":12,"column":1}},"line":1}},"branchMap":{},"s":{"0":2},"f":{"0":2},"b":{},"_coverageSchema":"1a1c01bbd47fc00a2c39e90264f33305004495a9","hash":"8b115a2d33158b6b42dd2bc46f162db10b7da98c"}
,"C:\\Users\\Dewa\\Desktop\\dibimbing\\React\\mini project dewa\\src\\components\\Hero.jsx": {"path":"C:\\Users\\Dewa\\Desktop\\dibimbing\\React\\mini project dewa\\src\\components\\Hero.jsx","statementMap":{"0":{"start":{"line":2,"column":2},"end":{"line":22,"column":4}}},"fnMap":{"0":{"name":"Hero","decl":{"start":{"line":1,"column":9},"end":{"line":1,"column":13}},"loc":{"start":{"line":1,"column":16},"end":{"line":23,"column":1}},"line":1}},"branchMap":{},"s":{"0":2},"f":{"0":2},"b":{},"_coverageSchema":"1a1c01bbd47fc00a2c39e90264f33305004495a9","hash":"dde63abb1938b32c14e23f1b2afbb5fbb7930655"}
,"C:\\Users\\Dewa\\Desktop\\dibimbing\\React\\mini project dewa\\src\\components\\Menu.jsx": {"path":"C:\\Users\\Dewa\\Desktop\\dibimbing\\React\\mini project dewa\\src\\components\\Menu.jsx","statementMap":{"0":{"start":{"line":4,"column":16},"end":{"line":8,"column":3}},"1":{"start":{"line":10,"column":2},"end":{"line":23,"column":4}},"2":{"start":{"line":18,"column":12},"end":{"line":18,"column":46}}},"fnMap":{"0":{"name":"Menu","decl":{"start":{"line":3,"column":9},"end":{"line":3,"column":13}},"loc":{"start":{"line":3,"column":16},"end":{"line":24,"column":1}},"line":3},"1":{"name":"(anonymous_1)","decl":{"start":{"line":17,"column":21},"end":{"line":17,"column":22}},"loc":{"start":{"line":18,"column":12},"end":{"line":18,"column":46}},"line":18}},"branchMap":{},"s":{"0":2,"1":2,"2":6},"f":{"0":2,"1":6},"b":{},"_coverageSchema":"1a1c01bbd47fc00a2c39e90264f33305004495a9","hash":"3e246378f0d14b4a6db1f3b3c05ed7699d06e5e4"}
,"C:\\Users\\Dewa\\Desktop\\dibimbing\\React\\mini project dewa\\src\\components\\MenuItem.jsx": {"path":"C:\\Users\\Dewa\\Desktop\\dibimbing\\React\\mini project dewa\\src\\components\\MenuItem.jsx","statementMap":{"0":{"start":{"line":2,"column":2},"end":{"line":8,"column":4}}},"fnMap":{"0":{"name":"MenuItem","decl":{"start":{"line":1,"column":9},"end":{"line":1,"column":17}},"loc":{"start":{"line":1,"column":49},"end":{"line":9,"column":1}},"line":1}},"branchMap":{},"s":{"0":7},"f":{"0":7},"b":{},"_coverageSchema":"1a1c01bbd47fc00a2c39e90264f33305004495a9","hash":"4eabaacd0324b981747faecf055b7570b79aecfe"}
,"C:\\Users\\Dewa\\Desktop\\dibimbing\\React\\mini project dewa\\src\\components\\Navbar.jsx": {"path":"C:\\Users\\Dewa\\Desktop\\dibimbing\\React\\mini project dewa\\src\\components\\Navbar.jsx","statementMap":{"0":{"start":{"line":5,"column":19},"end":{"line":5,"column":32}},"1":{"start":{"line":6,"column":38},"end":{"line":6,"column":53}},"2":{"start":{"line":8,"column":21},"end":{"line":10,"column":3}},"3":{"start":{"line":9,"column":4},"end":{"line":9,"column":31}},"4":{"start":{"line":12,"column":20},"end":{"line":14,"column":3}},"5":{"start":{"line":13,"column":4},"end":{"line":13,"column":25}},"6":{"start":{"line":16,"column":2},"end":{"line":147,"column":4}},"7":{"start":{"line":37,"column":29},"end":{"line":37,"column":50}},"8":{"start":{"line":43,"column":29},"end":{"line":43,"column":47}},"9":{"start":{"line":126,"column":18},"end":{"line":126,"column":40}},"10":{"start":{"line":127,"column":18},"end":{"line":127,"column":30}},"11":{"start":{"line":135,"column":18},"end":{"line":135,"column":37}},"12":{"start":{"line":136,"column":18},"end":{"line":136,"column":30}}},"fnMap":{"0":{"name":"Navbar","decl":{"start":{"line":4,"column":9},"end":{"line":4,"column":15}},"loc":{"start":{"line":4,"column":18},"end":{"line":148,"column":1}},"line":4},"1":{"name":"(anonymous_1)","decl":{"start":{"line":8,"column":21},"end":{"line":8,"column":22}},"loc":{"start":{"line":8,"column":27},"end":{"line":10,"column":3}},"line":8},"2":{"name":"(anonymous_2)","decl":{"start":{"line":12,"column":20},"end":{"line":12,"column":21}},"loc":{"start":{"line":12,"column":26},"end":{"line":14,"column":3}},"line":12},"3":{"name":"(anonymous_3)","decl":{"start":{"line":37,"column":23},"end":{"line":37,"column":24}},"loc":{"start":{"line":37,"column":29},"end":{"line":37,"column":50}},"line":37},"4":{"name":"(anonymous_4)","decl":{"start":{"line":43,"column":23},"end":{"line":43,"column":24}},"loc":{"start":{"line":43,"column":29},"end":{"line":43,"column":47}},"line":43},"5":{"name":"(anonymous_5)","decl":{"start":{"line":125,"column":25},"end":{"line":125,"column":26}},"loc":{"start":{"line":125,"column":31},"end":{"line":128,"column":17}},"line":125},"6":{"name":"(anonymous_6)","decl":{"start":{"line":134,"column":25},"end":{"line":134,"column":26}},"loc":{"start":{"line":134,"column":31},"end":{"line":137,"column":17}},"line":134}},"branchMap":{"0":{"loc":{"start":{"line":55,"column":13},"end":{"line":85,"column":13}},"type":"cond-expr","locations":[{"start":{"line":57,"column":14},"end":{"line":69,"column":20}},{"start":{"line":72,"column":14},"end":{"line":84,"column":20}}],"line":55},"1":{"loc":{"start":{"line":91,"column":12},"end":{"line":91,"column":74}},"type":"cond-expr","locations":[{"start":{"line":91,"column":25},"end":{"line":91,"column":52}},{"start":{"line":91,"column":55},"end":{"line":91,"column":74}}],"line":91}},"s":{"0":2,"1":2,"2":2,"3":0,"4":2,"5":0,"6":2,"7":0,"8":0,"9":0,"10":0,"11":0,"12":0},"f":{"0":2,"1":0,"2":0,"3":0,"4":0,"5":0,"6":0},"b":{"0":[0,2],"1":[0,2]},"_coverageSchema":"1a1c01bbd47fc00a2c39e90264f33305004495a9","hash":"032757739baf67ea3bd8b9302288dedd2021a451"}
,"C:\\Users\\Dewa\\Desktop\\dibimbing\\React\\mini project dewa\\src\\components\\DeleteModal\\DeleteModal.jsx": {"path":"C:\\Users\\Dewa\\Desktop\\dibimbing\\React\\mini project dewa\\src\\components\\DeleteModal\\DeleteModal.jsx","statementMap":{"0":{"start":{"line":4,"column":20},"end":{"line":95,"column":2}},"1":{"start":{"line":11,"column":2},"end":{"line":11,"column":27}},"2":{"start":{"line":11,"column":15},"end":{"line":11,"column":27}},"3":{"start":{"line":13,"column":2},"end":{"line":94,"column":4}},"4":{"start":{"line":20,"column":24},"end":{"line":20,"column":43}},"5":{"start":{"line":97,"column":0},"end":{"line":97,"column":40}}},"fnMap":{"0":{"name":"(anonymous_0)","decl":{"start":{"line":4,"column":25},"end":{"line":4,"column":26}},"loc":{"start":{"line":10,"column":6},"end":{"line":95,"column":1}},"line":10},"1":{"name":"(anonymous_1)","decl":{"start":{"line":20,"column":17},"end":{"line":20,"column":18}},"loc":{"start":{"line":20,"column":24},"end":{"line":20,"column":43}},"line":20}},"branchMap":{"0":{"loc":{"start":{"line":9,"column":2},"end":{"line":9,"column":17}},"type":"default-arg","locations":[{"start":{"line":9,"column":12},"end":{"line":9,"column":17}}],"line":9},"1":{"loc":{"start":{"line":11,"column":2},"end":{"line":11,"column":27}},"type":"if","locations":[{"start":{"line":11,"column":2},"end":{"line":11,"column":27}},{"start":{},"end":{}}],"line":11},"2":{"loc":{"start":{"line":50,"column":11},"end":{"line":66,"column":11}},"type":"binary-expr","locations":[{"start":{"line":50,"column":11},"end":{"line":50,"column":15}},{"start":{"line":51,"column":12},"end":{"line":65,"column":18}}],"line":50},"3":{"loc":{"start":{"line":85,"column":15},"end":{"line":87,"column":15}},"type":"binary-expr","locations":[{"start":{"line":85,"column":15},"end":{"line":85,"column":22}},{"start":{"line":86,"column":16},"end":{"line":86,"column":97}}],"line":85}},"s":{"0":3,"1":2,"2":1,"3":1,"4":2,"5":3},"f":{"0":2,"1":2},"b":{"0":[1],"1":[1,1],"2":[1,0],"3":[1,0]},"_coverageSchema":"1a1c01bbd47fc00a2c39e90264f33305004495a9","hash":"fb599e52ad2abc5f020cd28bfc754485807d028a"}
,"C:\\Users\\Dewa\\Desktop\\dibimbing\\React\\mini project dewa\\src\\components\\DocumentCard\\DocumentCard.jsx": {"path":"C:\\Users\\Dewa\\Desktop\\dibimbing\\React\\mini project dewa\\src\\components\\DocumentCard\\DocumentCard.jsx","statementMap":{"0":{"start":{"line":3,"column":21},"end":{"line":102,"column":1}},"1":{"start":{"line":10,"column":2},"end":{"line":101,"column":4}},"2":{"start":{"line":33,"column":29},"end":{"line":33,"column":41}},"3":{"start":{"line":59,"column":29},"end":{"line":59,"column":41}},"4":{"start":{"line":79,"column":29},"end":{"line":79,"column":43}}},"fnMap":{"0":{"name":"(anonymous_0)","decl":{"start":{"line":3,"column":21},"end":{"line":3,"column":22}},"loc":{"start":{"line":9,"column":6},"end":{"line":102,"column":1}},"line":9},"1":{"name":"(anonymous_1)","decl":{"start":{"line":33,"column":23},"end":{"line":33,"column":24}},"loc":{"start":{"line":33,"column":29},"end":{"line":33,"column":41}},"line":33},"2":{"name":"(anonymous_2)","decl":{"start":{"line":59,"column":23},"end":{"line":59,"column":24}},"loc":{"start":{"line":59,"column":29},"end":{"line":59,"column":41}},"line":59},"3":{"name":"(anonymous_3)","decl":{"start":{"line":79,"column":23},"end":{"line":79,"column":24}},"loc":{"start":{"line":79,"column":29},"end":{"line":79,"column":43}},"line":79}},"branchMap":{"0":{"loc":{"start":{"line":8,"column":2},"end":{"line":8,"column":20}},"type":"default-arg","locations":[{"start":{"line":8,"column":16},"end":{"line":8,"column":20}}],"line":8},"1":{"loc":{"start":{"line":30,"column":9},"end":{"line":98,"column":9}},"type":"binary-expr","locations":[{"start":{"line":30,"column":9},"end":{"line":30,"column":20}},{"start":{"line":31,"column":10},"end":{"line":97,"column":16}}],"line":30}},"s":{"0":1,"1":1,"2":0,"3":0,"4":0},"f":{"0":1,"1":0,"2":0,"3":0},"b":{"0":[1],"1":[1,1]},"_coverageSchema":"1a1c01bbd47fc00a2c39e90264f33305004495a9","hash":"c299b23115a5592a6917d33a19733bb4faf3603f"}
,"C:\\Users\\Dewa\\Desktop\\dibimbing\\React\\mini project dewa\\src\\components\\DocumentForm\\DocumentForm.jsx": {"path":"C:\\Users\\Dewa\\Desktop\\dibimbing\\React\\mini project dewa\\src\\components\\DocumentForm\\DocumentForm.jsx","statementMap":{"0":{"start":{"line":3,"column":21},"end":{"line":192,"column":1}},"1":{"start":{"line":10,"column":34},"end":{"line":15,"column":4}},"2":{"start":{"line":17,"column":30},"end":{"line":17,"column":42}},"3":{"start":{"line":19,"column":2},"end":{"line":28,"column":13}},"4":{"start":{"line":20,"column":4},"end":{"line":27,"column":5}},"5":{"start":{"line":21,"column":6},"end":{"line":26,"column":9}},"6":{"start":{"line":30,"column":23},"end":{"line":49,"column":3}},"7":{"start":{"line":31,"column":22},"end":{"line":31,"column":24}},"8":{"start":{"line":33,"column":4},"end":{"line":35,"column":5}},"9":{"start":{"line":34,"column":6},"end":{"line":34,"column":54}},"10":{"start":{"line":37,"column":4},"end":{"line":39,"column":5}},"11":{"start":{"line":38,"column":6},"end":{"line":38,"column":52}},"12":{"start":{"line":41,"column":4},"end":{"line":45,"column":5}},"13":{"start":{"line":42,"column":6},"end":{"line":42,"column":44}},"14":{"start":{"line":43,"column":11},"end":{"line":45,"column":5}},"15":{"start":{"line":44,"column":6},"end":{"line":44,"column":43}},"16":{"start":{"line":47,"column":4},"end":{"line":47,"column":25}},"17":{"start":{"line":48,"column":4},"end":{"line":48,"column":47}},"18":{"start":{"line":51,"column":28},"end":{"line":65,"column":3}},"19":{"start":{"line":52,"column":28},"end":{"line":52,"column":36}},"20":{"start":{"line":53,"column":4},"end":{"line":56,"column":8}},"21":{"start":{"line":53,"column":25},"end":{"line":56,"column":5}},"22":{"start":{"line":59,"column":4},"end":{"line":64,"column":5}},"23":{"start":{"line":60,"column":6},"end":{"line":63,"column":10}},"24":{"start":{"line":60,"column":25},"end":{"line":63,"column":7}},"25":{"start":{"line":67,"column":23},"end":{"line":72,"column":3}},"26":{"start":{"line":68,"column":4},"end":{"line":68,"column":23}},"27":{"start":{"line":69,"column":4},"end":{"line":71,"column":5}},"28":{"start":{"line":70,"column":6},"end":{"line":70,"column":25}},"29":{"start":{"line":74,"column":2},"end":{"line":191,"column":4}},"30":{"start":{"line":162,"column":18},"end":{"line":162,"column":50}}},"fnMap":{"0":{"name":"(anonymous_0)","decl":{"start":{"line":3,"column":21},"end":{"line":3,"column":22}},"loc":{"start":{"line":9,"column":6},"end":{"line":192,"column":1}},"line":9},"1":{"name":"(anonymous_1)","decl":{"start":{"line":19,"column":12},"end":{"line":19,"column":13}},"loc":{"start":{"line":19,"column":18},"end":{"line":28,"column":3}},"line":19},"2":{"name":"(anonymous_2)","decl":{"start":{"line":30,"column":23},"end":{"line":30,"column":24}},"loc":{"start":{"line":30,"column":29},"end":{"line":49,"column":3}},"line":30},"3":{"name":"(anonymous_3)","decl":{"start":{"line":51,"column":28},"end":{"line":51,"column":29}},"loc":{"start":{"line":51,"column":35},"end":{"line":65,"column":3}},"line":51},"4":{"name":"(anonymous_4)","decl":{"start":{"line":53,"column":16},"end":{"line":53,"column":17}},"loc":{"start":{"line":53,"column":25},"end":{"line":56,"column":5}},"line":53},"5":{"name":"(anonymous_5)","decl":{"start":{"line":60,"column":16},"end":{"line":60,"column":17}},"loc":{"start":{"line":60,"column":25},"end":{"line":63,"column":7}},"line":60},"6":{"name":"(anonymous_6)","decl":{"start":{"line":67,"column":23},"end":{"line":67,"column":24}},"loc":{"start":{"line":67,"column":30},"end":{"line":72,"column":3}},"line":67},"7":{"name":"(anonymous_7)","decl":{"start":{"line":161,"column":25},"end":{"line":161,"column":26}},"loc":{"start":{"line":161,"column":32},"end":{"line":163,"column":17}},"line":161}},"branchMap":{"0":{"loc":{"start":{"line":4,"column":2},"end":{"line":4,"column":13}},"type":"default-arg","locations":[{"start":{"line":4,"column":9},"end":{"line":4,"column":13}}],"line":4},"1":{"loc":{"start":{"line":7,"column":2},"end":{"line":7,"column":17}},"type":"default-arg","locations":[{"start":{"line":7,"column":12},"end":{"line":7,"column":17}}],"line":7},"2":{"loc":{"start":{"line":8,"column":2},"end":{"line":8,"column":21}},"type":"default-arg","locations":[{"start":{"line":8,"column":10},"end":{"line":8,"column":21}}],"line":8},"3":{"loc":{"start":{"line":20,"column":4},"end":{"line":27,"column":5}},"type":"if","locations":[{"start":{"line":20,"column":4},"end":{"line":27,"column":5}},{"start":{},"end":{}}],"line":20},"4":{"loc":{"start":{"line":22,"column":20},"end":{"line":22,"column":41}},"type":"binary-expr","locations":[{"start":{"line":22,"column":20},"end":{"line":22,"column":35}},{"start":{"line":22,"column":39},"end":{"line":22,"column":41}}],"line":22},"5":{"loc":{"start":{"line":23,"column":19},"end":{"line":23,"column":39}},"type":"binary-expr","locations":[{"start":{"line":23,"column":19},"end":{"line":23,"column":33}},{"start":{"line":23,"column":37},"end":{"line":23,"column":39}}],"line":23},"6":{"loc":{"start":{"line":24,"column":15},"end":{"line":24,"column":31}},"type":"binary-expr","locations":[{"start":{"line":24,"column":15},"end":{"line":24,"column":25}},{"start":{"line":24,"column":29},"end":{"line":24,"column":31}}],"line":24},"7":{"loc":{"start":{"line":25,"column":16},"end":{"line":25,"column":33}},"type":"binary-expr","locations":[{"start":{"line":25,"column":16},"end":{"line":25,"column":27}},{"start":{"line":25,"column":31},"end":{"line":25,"column":33}}],"line":25},"8":{"loc":{"start":{"line":33,"column":4},"end":{"line":35,"column":5}},"type":"if","locations":[{"start":{"line":33,"column":4},"end":{"line":35,"column":5}},{"start":{},"end":{}}],"line":33},"9":{"loc":{"start":{"line":37,"column":4},"end":{"line":39,"column":5}},"type":"if","locations":[{"start":{"line":37,"column":4},"end":{"line":39,"column":5}},{"start":{},"end":{}}],"line":37},"10":{"loc":{"start":{"line":41,"column":4},"end":{"line":45,"column":5}},"type":"if","locations":[{"start":{"line":41,"column":4},"end":{"line":45,"column":5}},{"start":{"line":43,"column":11},"end":{"line":45,"column":5}}],"line":41},"11":{"loc":{"start":{"line":43,"column":11},"end":{"line":45,"column":5}},"type":"if","locations":[{"start":{"line":43,"column":11},"end":{"line":45,"column":5}},{"start":{},"end":{}}],"line":43},"12":{"loc":{"start":{"line":59,"column":4},"end":{"line":64,"column":5}},"type":"if","locations":[{"start":{"line":59,"column":4},"end":{"line":64,"column":5}},{"start":{},"end":{}}],"line":59},"13":{"loc":{"start":{"line":69,"column":4},"end":{"line":71,"column":5}},"type":"if","locations":[{"start":{"line":69,"column":4},"end":{"line":71,"column":5}},{"start":{},"end":{}}],"line":69},"14":{"loc":{"start":{"line":79,"column":11},"end":{"line":79,"column":65}},"type":"cond-expr","locations":[{"start":{"line":79,"column":18},"end":{"line":79,"column":43}},{"start":{"line":79,"column":46},"end":{"line":79,"column":65}}],"line":79},"15":{"loc":{"start":{"line":95,"column":16},"end":{"line":95,"column":72}},"type":"cond-expr","locations":[{"start":{"line":95,"column":36},"end":{"line":95,"column":52}},{"start":{"line":95,"column":55},"end":{"line":95,"column":72}}],"line":95},"16":{"loc":{"start":{"line":99,"column":13},"end":{"line":101,"column":13}},"type":"binary-expr","locations":[{"start":{"line":99,"column":13},"end":{"line":99,"column":30}},{"start":{"line":100,"column":14},"end":{"line":100,"column":78}}],"line":99},"17":{"loc":{"start":{"line":114,"column":16},"end":{"line":114,"column":71}},"type":"cond-expr","locations":[{"start":{"line":114,"column":35},"end":{"line":114,"column":51}},{"start":{"line":114,"column":54},"end":{"line":114,"column":71}}],"line":114},"18":{"loc":{"start":{"line":118,"column":13},"end":{"line":120,"column":13}},"type":"binary-expr","locations":[{"start":{"line":118,"column":13},"end":{"line":118,"column":29}},{"start":{"line":119,"column":14},"end":{"line":119,"column":77}}],"line":118},"19":{"loc":{"start":{"line":134,"column":14},"end":{"line":134,"column":65}},"type":"cond-expr","locations":[{"start":{"line":134,"column":29},"end":{"line":134,"column":45}},{"start":{"line":134,"column":48},"end":{"line":134,"column":65}}],"line":134},"20":{"loc":{"start":{"line":138,"column":11},"end":{"line":140,"column":11}},"type":"binary-expr","locations":[{"start":{"line":138,"column":11},"end":{"line":138,"column":23}},{"start":{"line":139,"column":12},"end":{"line":139,"column":71}}],"line":138},"21":{"loc":{"start":{"line":155,"column":11},"end":{"line":166,"column":11}},"type":"binary-expr","locations":[{"start":{"line":155,"column":11},"end":{"line":155,"column":26}},{"start":{"line":156,"column":12},"end":{"line":165,"column":18}}],"line":155},"22":{"loc":{"start":{"line":183,"column":13},"end":{"line":185,"column":13}},"type":"binary-expr","locations":[{"start":{"line":183,"column":13},"end":{"line":183,"column":20}},{"start":{"line":184,"column":14},"end":{"line":184,"column":95}}],"line":183},"23":{"loc":{"start":{"line":186,"column":13},"end":{"line":186,"column":49}},"type":"cond-expr","locations":[{"start":{"line":186,"column":20},"end":{"line":186,"column":33}},{"start":{"line":186,"column":36},"end":{"line":186,"column":49}}],"line":186}},"s":{"0":1,"1":1,"2":1,"3":1,"4":1,"5":0,"6":1,"7":0,"8":0,"9":0,"10":0,"11":0,"12":0,"13":0,"14":0,"15":0,"16":0,"17":0,"18":1,"19":0,"20":0,"21":0,"22":0,"23":0,"24":0,"25":1,"26":0,"27":0,"28":0,"29":1,"30":0},"f":{"0":1,"1":1,"2":0,"3":0,"4":0,"5":0,"6":0,"7":0},"b":{"0":[1],"1":[1],"2":[1],"3":[0,1],"4":[0,0],"5":[0,0],"6":[0,0],"7":[0,0],"8":[0,0],"9":[0,0],"10":[0,0],"11":[0,0],"12":[0,0],"13":[0,0],"14":[0,1],"15":[0,1],"16":[1,0],"17":[0,1],"18":[1,0],"19":[0,1],"20":[1,0],"21":[1,0],"22":[1,0],"23":[0,1]},"_coverageSchema":"1a1c01bbd47fc00a2c39e90264f33305004495a9","hash":"cba9d1e4217b439dc64db03f2ee92c5202ca9431"}
,"C:\\Users\\Dewa\\Desktop\\dibimbing\\React\\mini project dewa\\src\\components\\ModalHeader\\ModalHeader.jsx": {"path":"C:\\Users\\Dewa\\Desktop\\dibimbing\\React\\mini project dewa\\src\\components\\ModalHeader\\ModalHeader.jsx","statementMap":{"0":{"start":{"line":3,"column":20},"end":{"line":27,"column":2}},"1":{"start":{"line":4,"column":2},"end":{"line":26,"column":4}},"2":{"start":{"line":29,"column":0},"end":{"line":29,"column":40}}},"fnMap":{"0":{"name":"(anonymous_0)","decl":{"start":{"line":3,"column":25},"end":{"line":3,"column":26}},"loc":{"start":{"line":3,"column":49},"end":{"line":27,"column":1}},"line":3}},"branchMap":{},"s":{"0":3,"1":1,"2":3},"f":{"0":1},"b":{},"_coverageSchema":"1a1c01bbd47fc00a2c39e90264f33305004495a9","hash":"862b56d03814300549d3d107699b71cc877c647d"}
,"C:\\Users\\Dewa\\Desktop\\dibimbing\\React\\mini project dewa\\src\\components\\Pagination\\Pagination.jsx": {"path":"C:\\Users\\Dewa\\Desktop\\dibimbing\\React\\mini project dewa\\src\\components\\Pagination\\Pagination.jsx","statementMap":{"0":{"start":{"line":3,"column":19},"end":{"line":44,"column":2}},"1":{"start":{"line":10,"column":2},"end":{"line":43,"column":4}}},"fnMap":{"0":{"name":"(anonymous_0)","decl":{"start":{"line":3,"column":24},"end":{"line":3,"column":25}},"loc":{"start":{"line":9,"column":6},"end":{"line":44,"column":1}},"line":9}},"branchMap":{"0":{"loc":{"start":{"line":8,"column":2},"end":{"line":8,"column":16}},"type":"default-arg","locations":[{"start":{"line":8,"column":14},"end":{"line":8,"column":16}}],"line":8},"1":{"loc":{"start":{"line":22,"column":12},"end":{"line":24,"column":58}},"type":"cond-expr","locations":[{"start":{"line":23,"column":16},"end":{"line":23,"column":62}},{"start":{"line":24,"column":16},"end":{"line":24,"column":58}}],"line":22},"2":{"loc":{"start":{"line":34,"column":12},"end":{"line":36,"column":58}},"type":"cond-expr","locations":[{"start":{"line":35,"column":16},"end":{"line":35,"column":62}},{"start":{"line":36,"column":16},"end":{"line":36,"column":58}}],"line":34}},"s":{"0":2,"1":2},"f":{"0":2},"b":{"0":[2],"1":[1,1],"2":[1,1]},"_coverageSchema":"1a1c01bbd47fc00a2c39e90264f33305004495a9","hash":"d8ff7ace69d3dd3610a1802ffcd7fa49b59d2b4d"}
,"C:\\Users\\Dewa\\Desktop\\dibimbing\\React\\mini project dewa\\src\\components\\ProtectedRoute\\ProtectedRoute.jsx": {"path":"C:\\Users\\Dewa\\Desktop\\dibimbing\\React\\mini project dewa\\src\\components\\ProtectedRoute\\ProtectedRoute.jsx","statementMap":{"0":{"start":{"line":4,"column":23},"end":{"line":23,"column":1}},"1":{"start":{"line":5,"column":39},"end":{"line":5,"column":48}},"2":{"start":{"line":8,"column":2},"end":{"line":14,"column":3}},"3":{"start":{"line":9,"column":4},"end":{"line":13,"column":6}},"4":{"start":{"line":17,"column":2},"end":{"line":19,"column":3}},"5":{"start":{"line":18,"column":4},"end":{"line":18,"column":44}},"6":{"start":{"line":22,"column":2},"end":{"line":22,"column":18}}},"fnMap":{"0":{"name":"(anonymous_0)","decl":{"start":{"line":4,"column":23},"end":{"line":4,"column":24}},"loc":{"start":{"line":4,"column":41},"end":{"line":23,"column":1}},"line":4}},"branchMap":{"0":{"loc":{"start":{"line":8,"column":2},"end":{"line":14,"column":3}},"type":"if","locations":[{"start":{"line":8,"column":2},"end":{"line":14,"column":3}},{"start":{},"end":{}}],"line":8},"1":{"loc":{"start":{"line":17,"column":2},"end":{"line":19,"column":3}},"type":"if","locations":[{"start":{"line":17,"column":2},"end":{"line":19,"column":3}},{"start":{},"end":{}}],"line":17}},"s":{"0":2,"1":4,"2":4,"3":0,"4":4,"5":2,"6":2},"f":{"0":4},"b":{"0":[0,4],"1":[2,2]},"_coverageSchema":"1a1c01bbd47fc00a2c39e90264f33305004495a9","hash":"2d32e7461f0dbe0051e7f02e0855d1724c280992"}
,"C:\\Users\\Dewa\\Desktop\\dibimbing\\React\\mini project dewa\\src\\components\\SearchBar\\SearchBar.jsx": {"path":"C:\\Users\\Dewa\\Desktop\\dibimbing\\React\\mini project dewa\\src\\components\\SearchBar\\SearchBar.jsx","statementMap":{"0":{"start":{"line":3,"column":18},"end":{"line":49,"column":2}},"1":{"start":{"line":9,"column":27},"end":{"line":9,"column":39}},"2":{"start":{"line":11,"column":29},"end":{"line":20,"column":22}},"3":{"start":{"line":12,"column":18},"end":{"line":12,"column":32}},"4":{"start":{"line":14,"column":4},"end":{"line":16,"column":5}},"5":{"start":{"line":15,"column":6},"end":{"line":15,"column":45}},"6":{"start":{"line":17,"column":4},"end":{"line":19,"column":12}},"7":{"start":{"line":18,"column":6},"end":{"line":18,"column":28}},"8":{"start":{"line":21,"column":2},"end":{"line":48,"column":4}}},"fnMap":{"0":{"name":"(anonymous_0)","decl":{"start":{"line":3,"column":23},"end":{"line":3,"column":24}},"loc":{"start":{"line":8,"column":6},"end":{"line":49,"column":1}},"line":8},"1":{"name":"(anonymous_1)","decl":{"start":{"line":11,"column":41},"end":{"line":11,"column":42}},"loc":{"start":{"line":11,"column":48},"end":{"line":20,"column":3}},"line":11},"2":{"name":"(anonymous_2)","decl":{"start":{"line":17,"column":42},"end":{"line":17,"column":43}},"loc":{"start":{"line":17,"column":48},"end":{"line":19,"column":5}},"line":17}},"branchMap":{"0":{"loc":{"start":{"line":6,"column":2},"end":{"line":6,"column":27}},"type":"default-arg","locations":[{"start":{"line":6,"column":16},"end":{"line":6,"column":27}}],"line":6},"1":{"loc":{"start":{"line":7,"column":2},"end":{"line":7,"column":16}},"type":"default-arg","locations":[{"start":{"line":7,"column":14},"end":{"line":7,"column":16}}],"line":7},"2":{"loc":{"start":{"line":14,"column":4},"end":{"line":16,"column":5}},"type":"if","locations":[{"start":{"line":14,"column":4},"end":{"line":16,"column":5}},{"start":{},"end":{}}],"line":14}},"s":{"0":2,"1":2,"2":2,"3":1,"4":1,"5":0,"6":1,"7":1,"8":2},"f":{"0":2,"1":1,"2":1},"b":{"0":[1],"1":[2],"2":[0,1]},"_coverageSchema":"1a1c01bbd47fc00a2c39e90264f33305004495a9","hash":"7389643d33bd2eaf82b122154fe5eca5cbe3b4b5"}
,"C:\\Users\\Dewa\\Desktop\\dibimbing\\React\\mini project dewa\\src\\components\\UserAvatar\\UserAvatar.jsx": {"path":"C:\\Users\\Dewa\\Desktop\\dibimbing\\React\\mini project dewa\\src\\components\\UserAvatar\\UserAvatar.jsx","statementMap":{"0":{"start":{"line":3,"column":19},"end":{"line":26,"column":2}},"1":{"start":{"line":9,"column":16},"end":{"line":13,"column":3}},"2":{"start":{"line":15,"column":22},"end":{"line":15,"column":72}},"3":{"start":{"line":17,"column":2},"end":{"line":25,"column":4}},"4":{"start":{"line":28,"column":0},"end":{"line":28,"column":38}}},"fnMap":{"0":{"name":"(anonymous_0)","decl":{"start":{"line":3,"column":24},"end":{"line":3,"column":25}},"loc":{"start":{"line":8,"column":6},"end":{"line":26,"column":1}},"line":8}},"branchMap":{"0":{"loc":{"start":{"line":6,"column":2},"end":{"line":6,"column":13}},"type":"default-arg","locations":[{"start":{"line":6,"column":9},"end":{"line":6,"column":13}}],"line":6},"1":{"loc":{"start":{"line":7,"column":2},"end":{"line":7,"column":16}},"type":"default-arg","locations":[{"start":{"line":7,"column":11},"end":{"line":7,"column":16}}],"line":7},"2":{"loc":{"start":{"line":15,"column":22},"end":{"line":15,"column":72}},"type":"cond-expr","locations":[{"start":{"line":15,"column":31},"end":{"line":15,"column":67}},{"start":{"line":15,"column":70},"end":{"line":15,"column":72}}],"line":15}},"s":{"0":4,"1":2,"2":2,"3":2,"4":4},"f":{"0":2},"b":{"0":[1],"1":[2],"2":[0,2]},"_coverageSchema":"1a1c01bbd47fc00a2c39e90264f33305004495a9","hash":"98a2cba441dca46c6a85b9223d63c47859ad8722"}
,"C:\\Users\\Dewa\\Desktop\\dibimbing\\React\\mini project dewa\\src\\components\\UserInfo\\UserInfo.jsx": {"path":"C:\\Users\\Dewa\\Desktop\\dibimbing\\React\\mini project dewa\\src\\components\\UserInfo\\UserInfo.jsx","statementMap":{"0":{"start":{"line":3,"column":17},"end":{"line":14,"column":2}},"1":{"start":{"line":4,"column":2},"end":{"line":13,"column":4}},"2":{"start":{"line":16,"column":0},"end":{"line":16,"column":34}}},"fnMap":{"0":{"name":"(anonymous_0)","decl":{"start":{"line":3,"column":22},"end":{"line":3,"column":23}},"loc":{"start":{"line":3,"column":44},"end":{"line":14,"column":1}},"line":3}},"branchMap":{},"s":{"0":3,"1":1,"2":3},"f":{"0":1},"b":{},"_coverageSchema":"1a1c01bbd47fc00a2c39e90264f33305004495a9","hash":"f6b5c53b9b15fe555256bf15bba0ce4d2ce64f1f"}
,"C:\\Users\\Dewa\\Desktop\\dibimbing\\React\\mini project dewa\\src\\components\\UserTable\\UserTable.jsx": {"path":"C:\\Users\\Dewa\\Desktop\\dibimbing\\React\\mini project dewa\\src\\components\\UserTable\\UserTable.jsx","statementMap":{"0":{"start":{"line":9,"column":18},"end":{"line":268,"column":2}},"1":{"start":{"line":14,"column":19},"end":{"line":14,"column":32}},"2":{"start":{"line":15,"column":35},"end":{"line":15,"column":50}},"3":{"start":{"line":17,"column":42},"end":{"line":17,"column":56}},"4":{"start":{"line":18,"column":40},"end":{"line":18,"column":55}},"5":{"start":{"line":19,"column":48},"end":{"line":19,"column":63}},"6":{"start":{"line":20,"column":42},"end":{"line":20,"column":56}},"7":{"start":{"line":23,"column":21},"end":{"line":27,"column":8}},"8":{"start":{"line":24,"column":4},"end":{"line":24,"column":26}},"9":{"start":{"line":25,"column":4},"end":{"line":25,"column":26}},"10":{"start":{"line":26,"column":4},"end":{"line":26,"column":43}},"11":{"start":{"line":29,"column":20},"end":{"line":33,"column":8}},"12":{"start":{"line":30,"column":4},"end":{"line":30,"column":26}},"13":{"start":{"line":31,"column":4},"end":{"line":31,"column":25}},"14":{"start":{"line":32,"column":4},"end":{"line":32,"column":44}},"15":{"start":{"line":36,"column":25},"end":{"line":38,"column":16}},"16":{"start":{"line":37,"column":4},"end":{"line":37,"column":43}},"17":{"start":{"line":40,"column":25},"end":{"line":42,"column":16}},"18":{"start":{"line":41,"column":4},"end":{"line":41,"column":48}},"19":{"start":{"line":44,"column":27},"end":{"line":47,"column":8}},"20":{"start":{"line":45,"column":4},"end":{"line":45,"column":26}},"21":{"start":{"line":46,"column":4},"end":{"line":46,"column":29}},"22":{"start":{"line":49,"column":24},"end":{"line":60,"column":32}},"23":{"start":{"line":50,"column":4},"end":{"line":50,"column":30}},"24":{"start":{"line":50,"column":23},"end":{"line":50,"column":30}},"25":{"start":{"line":52,"column":20},"end":{"line":52,"column":53}},"26":{"start":{"line":53,"column":4},"end":{"line":59,"column":5}},"27":{"start":{"line":54,"column":6},"end":{"line":54,"column":42}},"28":{"start":{"line":55,"column":6},"end":{"line":55,"column":32}},"29":{"start":{"line":56,"column":6},"end":{"line":56,"column":28}},"30":{"start":{"line":58,"column":6},"end":{"line":58,"column":37}},"31":{"start":{"line":62,"column":23},"end":{"line":65,"column":8}},"32":{"start":{"line":63,"column":4},"end":{"line":63,"column":30}},"33":{"start":{"line":64,"column":4},"end":{"line":64,"column":26}},"34":{"start":{"line":67,"column":2},"end":{"line":73,"column":3}},"35":{"start":{"line":68,"column":4},"end":{"line":72,"column":6}},"36":{"start":{"line":76,"column":2},"end":{"line":82,"column":3}},"37":{"start":{"line":77,"column":4},"end":{"line":81,"column":6}},"38":{"start":{"line":84,"column":2},"end":{"line":267,"column":4}},"39":{"start":{"line":114,"column":16},"end":{"line":203,"column":21}},"40":{"start":{"line":137,"column":39},"end":{"line":137,"column":59}},"41":{"start":{"line":163,"column":39},"end":{"line":163,"column":59}},"42":{"start":{"line":183,"column":39},"end":{"line":183,"column":61}},"43":{"start":{"line":224,"column":28},"end":{"line":224,"column":47}},"44":{"start":{"line":270,"column":0},"end":{"line":270,"column":36}}},"fnMap":{"0":{"name":"(anonymous_0)","decl":{"start":{"line":9,"column":23},"end":{"line":9,"column":24}},"loc":{"start":{"line":13,"column":6},"end":{"line":268,"column":1}},"line":13},"1":{"name":"(anonymous_1)","decl":{"start":{"line":23,"column":33},"end":{"line":23,"column":34}},"loc":{"start":{"line":23,"column":39},"end":{"line":27,"column":3}},"line":23},"2":{"name":"(anonymous_2)","decl":{"start":{"line":29,"column":32},"end":{"line":29,"column":33}},"loc":{"start":{"line":29,"column":42},"end":{"line":33,"column":3}},"line":29},"3":{"name":"(anonymous_3)","decl":{"start":{"line":36,"column":37},"end":{"line":36,"column":38}},"loc":{"start":{"line":36,"column":47},"end":{"line":38,"column":3}},"line":36},"4":{"name":"(anonymous_4)","decl":{"start":{"line":40,"column":37},"end":{"line":40,"column":38}},"loc":{"start":{"line":40,"column":47},"end":{"line":42,"column":3}},"line":40},"5":{"name":"(anonymous_5)","decl":{"start":{"line":44,"column":39},"end":{"line":44,"column":40}},"loc":{"start":{"line":44,"column":49},"end":{"line":47,"column":3}},"line":44},"6":{"name":"(anonymous_6)","decl":{"start":{"line":49,"column":36},"end":{"line":49,"column":37}},"loc":{"start":{"line":49,"column":48},"end":{"line":60,"column":3}},"line":49},"7":{"name":"(anonymous_7)","decl":{"start":{"line":62,"column":35},"end":{"line":62,"column":36}},"loc":{"start":{"line":62,"column":41},"end":{"line":65,"column":3}},"line":62},"8":{"name":"(anonymous_8)","decl":{"start":{"line":113,"column":24},"end":{"line":113,"column":25}},"loc":{"start":{"line":114,"column":16},"end":{"line":203,"column":21}},"line":114},"9":{"name":"(anonymous_9)","decl":{"start":{"line":137,"column":33},"end":{"line":137,"column":34}},"loc":{"start":{"line":137,"column":39},"end":{"line":137,"column":59}},"line":137},"10":{"name":"(anonymous_10)","decl":{"start":{"line":163,"column":33},"end":{"line":163,"column":34}},"loc":{"start":{"line":163,"column":39},"end":{"line":163,"column":59}},"line":163},"11":{"name":"(anonymous_11)","decl":{"start":{"line":183,"column":33},"end":{"line":183,"column":34}},"loc":{"start":{"line":183,"column":39},"end":{"line":183,"column":61}},"line":183},"12":{"name":"(anonymous_12)","decl":{"start":{"line":224,"column":21},"end":{"line":224,"column":22}},"loc":{"start":{"line":224,"column":28},"end":{"line":224,"column":47}},"line":224}},"branchMap":{"0":{"loc":{"start":{"line":10,"column":2},"end":{"line":10,"column":12}},"type":"default-arg","locations":[{"start":{"line":10,"column":10},"end":{"line":10,"column":12}}],"line":10},"1":{"loc":{"start":{"line":11,"column":2},"end":{"line":11,"column":17}},"type":"default-arg","locations":[{"start":{"line":11,"column":12},"end":{"line":11,"column":17}}],"line":11},"2":{"loc":{"start":{"line":12,"column":2},"end":{"line":12,"column":14}},"type":"default-arg","locations":[{"start":{"line":12,"column":10},"end":{"line":12,"column":14}}],"line":12},"3":{"loc":{"start":{"line":50,"column":4},"end":{"line":50,"column":30}},"type":"if","locations":[{"start":{"line":50,"column":4},"end":{"line":50,"column":30}},{"start":{},"end":{}}],"line":50},"4":{"loc":{"start":{"line":53,"column":4},"end":{"line":59,"column":5}},"type":"if","locations":[{"start":{"line":53,"column":4},"end":{"line":59,"column":5}},{"start":{"line":57,"column":11},"end":{"line":59,"column":5}}],"line":53},"5":{"loc":{"start":{"line":67,"column":2},"end":{"line":73,"column":3}},"type":"if","locations":[{"start":{"line":67,"column":2},"end":{"line":73,"column":3}},{"start":{},"end":{}}],"line":67},"6":{"loc":{"start":{"line":76,"column":2},"end":{"line":82,"column":3}},"type":"if","locations":[{"start":{"line":76,"column":2},"end":{"line":82,"column":3}},{"start":{},"end":{}}],"line":76},"7":{"loc":{"start":{"line":112,"column":13},"end":{"line":211,"column":13}},"type":"cond-expr","locations":[{"start":{"line":113,"column":14},"end":{"line":204,"column":16}},{"start":{"line":206,"column":14},"end":{"line":210,"column":19}}],"line":112},"8":{"loc":{"start":{"line":217,"column":7},"end":{"line":258,"column":7}},"type":"binary-expr","locations":[{"start":{"line":217,"column":7},"end":{"line":217,"column":18}},{"start":{"line":217,"column":22},"end":{"line":217,"column":34}},{"start":{"line":218,"column":8},"end":{"line":257,"column":14}}],"line":217}},"s":{"0":2,"1":2,"2":2,"3":2,"4":2,"5":2,"6":2,"7":2,"8":0,"9":0,"10":0,"11":2,"12":0,"13":0,"14":0,"15":2,"16":0,"17":2,"18":0,"19":2,"20":0,"21":0,"22":2,"23":0,"24":0,"25":0,"26":0,"27":0,"28":0,"29":0,"30":0,"31":2,"32":0,"33":0,"34":2,"35":1,"36":1,"37":0,"38":1,"39":1,"40":0,"41":0,"42":0,"43":0,"44":2},"f":{"0":2,"1":0,"2":0,"3":0,"4":0,"5":0,"6":0,"7":0,"8":1,"9":0,"10":0,"11":0,"12":0},"b":{"0":[0],"1":[1],"2":[1],"3":[0,0],"4":[0,0],"5":[1,1],"6":[0,1],"7":[1,0],"8":[1,0,0]},"_coverageSchema":"1a1c01bbd47fc00a2c39e90264f33305004495a9","hash":"4fb3cbbdf6d6918d4d422ec1f8abbe4b45873b52"}
,"C:\\Users\\Dewa\\Desktop\\dibimbing\\React\\mini project dewa\\src\\hooks\\useUserDelete.js": {"path":"C:\\Users\\Dewa\\Desktop\\dibimbing\\React\\mini project dewa\\src\\hooks\\useUserDelete.js","statementMap":{"0":{"start":{"line":3,"column":29},"end":{"line":33,"column":1}},"1":{"start":{"line":4,"column":34},"end":{"line":4,"column":49}},"2":{"start":{"line":5,"column":40},"end":{"line":5,"column":54}},"3":{"start":{"line":7,"column":21},"end":{"line":30,"column":8}},"4":{"start":{"line":8,"column":4},"end":{"line":8,"column":22}},"5":{"start":{"line":9,"column":4},"end":{"line":9,"column":25}},"6":{"start":{"line":11,"column":4},"end":{"line":29,"column":5}},"7":{"start":{"line":12,"column":23},"end":{"line":17,"column":8}},"8":{"start":{"line":19,"column":6},"end":{"line":21,"column":7}},"9":{"start":{"line":20,"column":8},"end":{"line":20,"column":49}},"10":{"start":{"line":23,"column":6},"end":{"line":23,"column":18}},"11":{"start":{"line":25,"column":6},"end":{"line":25,"column":34}},"12":{"start":{"line":26,"column":6},"end":{"line":26,"column":19}},"13":{"start":{"line":28,"column":6},"end":{"line":28,"column":25}},"14":{"start":{"line":32,"column":2},"end":{"line":32,"column":47}}},"fnMap":{"0":{"name":"(anonymous_0)","decl":{"start":{"line":3,"column":29},"end":{"line":3,"column":30}},"loc":{"start":{"line":3,"column":35},"end":{"line":33,"column":1}},"line":3},"1":{"name":"(anonymous_1)","decl":{"start":{"line":7,"column":33},"end":{"line":7,"column":34}},"loc":{"start":{"line":7,"column":51},"end":{"line":30,"column":3}},"line":7}},"branchMap":{"0":{"loc":{"start":{"line":19,"column":6},"end":{"line":21,"column":7}},"type":"if","locations":[{"start":{"line":19,"column":6},"end":{"line":21,"column":7}},{"start":{},"end":{}}],"line":19}},"s":{"0":3,"1":6,"2":6,"3":6,"4":2,"5":2,"6":2,"7":2,"8":2,"9":1,"10":1,"11":1,"12":1,"13":2,"14":6},"f":{"0":6,"1":2},"b":{"0":[1,1]},"_coverageSchema":"1a1c01bbd47fc00a2c39e90264f33305004495a9","hash":"a48e20ac9ef151269c25b7164e0364c95b9c9741"}
,"C:\\Users\\Dewa\\Desktop\\dibimbing\\React\\mini project dewa\\src\\hooks\\useUsersFetch.js": {"path":"C:\\Users\\Dewa\\Desktop\\dibimbing\\React\\mini project dewa\\src\\hooks\\useUsersFetch.js","statementMap":{"0":{"start":{"line":3,"column":29},"end":{"line":34,"column":1}},"1":{"start":{"line":4,"column":28},"end":{"line":4,"column":40}},"2":{"start":{"line":5,"column":32},"end":{"line":5,"column":46}},"3":{"start":{"line":6,"column":28},"end":{"line":6,"column":42}},"4":{"start":{"line":7,"column":38},"end":{"line":7,"column":49}},"5":{"start":{"line":9,"column":21},"end":{"line":31,"column":8}},"6":{"start":{"line":10,"column":4},"end":{"line":30,"column":5}},"7":{"start":{"line":11,"column":6},"end":{"line":11,"column":23}},"8":{"start":{"line":12,"column":6},"end":{"line":12,"column":21}},"9":{"start":{"line":13,"column":23},"end":{"line":17,"column":8}},"10":{"start":{"line":19,"column":6},"end":{"line":21,"column":7}},"11":{"start":{"line":20,"column":8},"end":{"line":20,"column":49}},"12":{"start":{"line":23,"column":19},"end":{"line":23,"column":40}},"13":{"start":{"line":24,"column":6},"end":{"line":24,"column":26}},"14":{"start":{"line":25,"column":6},"end":{"line":25,"column":38}},"15":{"start":{"line":26,"column":6},"end":{"line":26,"column":24}},"16":{"start":{"line":28,"column":6},"end":{"line":28,"column":28}},"17":{"start":{"line":29,"column":6},"end":{"line":29,"column":24}},"18":{"start":{"line":33,"column":2},"end":{"line":33,"column":59}}},"fnMap":{"0":{"name":"(anonymous_0)","decl":{"start":{"line":3,"column":29},"end":{"line":3,"column":30}},"loc":{"start":{"line":3,"column":35},"end":{"line":34,"column":1}},"line":3},"1":{"name":"(anonymous_1)","decl":{"start":{"line":9,"column":33},"end":{"line":9,"column":34}},"loc":{"start":{"line":9,"column":49},"end":{"line":31,"column":3}},"line":9}},"branchMap":{"0":{"loc":{"start":{"line":19,"column":6},"end":{"line":21,"column":7}},"type":"if","locations":[{"start":{"line":19,"column":6},"end":{"line":21,"column":7}},{"start":{},"end":{}}],"line":19}},"s":{"0":2,"1":5,"2":5,"3":5,"4":5,"5":5,"6":3,"7":3,"8":3,"9":3,"10":2,"11":1,"12":1,"13":1,"14":1,"15":1,"16":1,"17":1,"18":5},"f":{"0":5,"1":3},"b":{"0":[1,1]},"_coverageSchema":"1a1c01bbd47fc00a2c39e90264f33305004495a9","hash":"f7e980dbbde92d7d18731310b5b79abaa48f5172"}
,"C:\\Users\\Dewa\\Desktop\\dibimbing\\React\\mini project dewa\\src\\pages\\Dashboard\\Dashboard.jsx": {"path":"C:\\Users\\Dewa\\Desktop\\dibimbing\\React\\mini project dewa\\src\\pages\\Dashboard\\Dashboard.jsx","statementMap":{"0":{"start":{"line":9,"column":18},"end":{"line":118,"column":1}},"1":{"start":{"line":10,"column":19},"end":{"line":10,"column":32}},"2":{"start":{"line":11,"column":27},"end":{"line":11,"column":36}},"3":{"start":{"line":12,"column":60},"end":{"line":12,"column":75}},"4":{"start":{"line":14,"column":40},"end":{"line":14,"column":51}},"5":{"start":{"line":15,"column":40},"end":{"line":15,"column":52}},"6":{"start":{"line":18,"column":2},"end":{"line":20,"column":32}},"7":{"start":{"line":19,"column":4},"end":{"line":19,"column":28}},"8":{"start":{"line":23,"column":24},"end":{"line":34,"column":26}},"9":{"start":{"line":24,"column":4},"end":{"line":26,"column":5}},"10":{"start":{"line":25,"column":6},"end":{"line":25,"column":19}},"11":{"start":{"line":28,"column":4},"end":{"line":33,"column":7}},"12":{"start":{"line":29,"column":23},"end":{"line":29,"column":75}},"13":{"start":{"line":30,"column":20},"end":{"line":30,"column":44}},"14":{"start":{"line":31,"column":20},"end":{"line":31,"column":45}},"15":{"start":{"line":32,"column":6},"end":{"line":32,"column":63}},"16":{"start":{"line":36,"column":25},"end":{"line":41,"column":19}},"17":{"start":{"line":37,"column":4},"end":{"line":40,"column":5}},"18":{"start":{"line":38,"column":6},"end":{"line":38,"column":38}},"19":{"start":{"line":39,"column":6},"end":{"line":39,"column":25}},"20":{"start":{"line":43,"column":25},"end":{"line":48,"column":31}},"21":{"start":{"line":44,"column":4},"end":{"line":47,"column":5}},"22":{"start":{"line":45,"column":6},"end":{"line":45,"column":38}},"23":{"start":{"line":46,"column":6},"end":{"line":46,"column":25}},"24":{"start":{"line":50,"column":23},"end":{"line":53,"column":24}},"25":{"start":{"line":51,"column":4},"end":{"line":51,"column":13}},"26":{"start":{"line":52,"column":4},"end":{"line":52,"column":18}},"27":{"start":{"line":55,"column":29},"end":{"line":57,"column":8}},"28":{"start":{"line":56,"column":4},"end":{"line":56,"column":26}},"29":{"start":{"line":59,"column":2},"end":{"line":117,"column":4}}},"fnMap":{"0":{"name":"(anonymous_0)","decl":{"start":{"line":9,"column":18},"end":{"line":9,"column":19}},"loc":{"start":{"line":9,"column":24},"end":{"line":118,"column":1}},"line":9},"1":{"name":"(anonymous_1)","decl":{"start":{"line":18,"column":12},"end":{"line":18,"column":13}},"loc":{"start":{"line":18,"column":18},"end":{"line":20,"column":3}},"line":18},"2":{"name":"(anonymous_2)","decl":{"start":{"line":23,"column":32},"end":{"line":23,"column":33}},"loc":{"start":{"line":23,"column":38},"end":{"line":34,"column":3}},"line":23},"3":{"name":"(anonymous_3)","decl":{"start":{"line":28,"column":24},"end":{"line":28,"column":25}},"loc":{"start":{"line":28,"column":32},"end":{"line":33,"column":5}},"line":28},"4":{"name":"(anonymous_4)","decl":{"start":{"line":36,"column":37},"end":{"line":36,"column":38}},"loc":{"start":{"line":36,"column":43},"end":{"line":41,"column":3}},"line":36},"5":{"name":"(anonymous_5)","decl":{"start":{"line":43,"column":37},"end":{"line":43,"column":38}},"loc":{"start":{"line":43,"column":43},"end":{"line":48,"column":3}},"line":43},"6":{"name":"(anonymous_6)","decl":{"start":{"line":50,"column":35},"end":{"line":50,"column":36}},"loc":{"start":{"line":50,"column":41},"end":{"line":53,"column":3}},"line":50},"7":{"name":"(anonymous_7)","decl":{"start":{"line":55,"column":41},"end":{"line":55,"column":42}},"loc":{"start":{"line":55,"column":52},"end":{"line":57,"column":3}},"line":55}},"branchMap":{"0":{"loc":{"start":{"line":24,"column":4},"end":{"line":26,"column":5}},"type":"if","locations":[{"start":{"line":24,"column":4},"end":{"line":26,"column":5}},{"start":{},"end":{}}],"line":24},"1":{"loc":{"start":{"line":32,"column":13},"end":{"line":32,"column":62}},"type":"binary-expr","locations":[{"start":{"line":32,"column":13},"end":{"line":32,"column":37}},{"start":{"line":32,"column":41},"end":{"line":32,"column":62}}],"line":32},"2":{"loc":{"start":{"line":37,"column":4},"end":{"line":40,"column":5}},"type":"if","locations":[{"start":{"line":37,"column":4},"end":{"line":40,"column":5}},{"start":{},"end":{}}],"line":37},"3":{"loc":{"start":{"line":44,"column":4},"end":{"line":47,"column":5}},"type":"if","locations":[{"start":{"line":44,"column":4},"end":{"line":47,"column":5}},{"start":{},"end":{}}],"line":44},"4":{"loc":{"start":{"line":68,"column":17},"end":{"line":68,"column":100}},"type":"binary-expr","locations":[{"start":{"line":68,"column":17},"end":{"line":68,"column":21}},{"start":{"line":68,"column":25},"end":{"line":68,"column":100}}],"line":68}},"s":{"0":1,"1":1,"2":1,"3":1,"4":1,"5":1,"6":1,"7":1,"8":1,"9":1,"10":1,"11":0,"12":0,"13":0,"14":0,"15":0,"16":1,"17":0,"18":0,"19":0,"20":1,"21":0,"22":0,"23":0,"24":1,"25":0,"26":0,"27":1,"28":0,"29":1},"f":{"0":1,"1":1,"2":1,"3":0,"4":0,"5":0,"6":0,"7":0},"b":{"0":[1,0],"1":[0,0],"2":[0,0],"3":[0,0],"4":[1,1]},"_coverageSchema":"1a1c01bbd47fc00a2c39e90264f33305004495a9","hash":"ec233f0652a73f054472fbe499b3f9f38c3acf11"}
,"C:\\Users\\Dewa\\Desktop\\dibimbing\\React\\mini project dewa\\src\\pages\\Home\\Home.jsx": {"path":"C:\\Users\\Dewa\\Desktop\\dibimbing\\React\\mini project dewa\\src\\pages\\Home\\Home.jsx","statementMap":{"0":{"start":{"line":9,"column":2},"end":{"line":18,"column":4}}},"fnMap":{"0":{"name":"Home","decl":{"start":{"line":8,"column":9},"end":{"line":8,"column":13}},"loc":{"start":{"line":8,"column":16},"end":{"line":19,"column":1}},"line":8}},"branchMap":{},"s":{"0":1},"f":{"0":1},"b":{},"_coverageSchema":"1a1c01bbd47fc00a2c39e90264f33305004495a9","hash":"b2db26720c28163513cc2345561f6acca11ba679"}
,"C:\\Users\\Dewa\\Desktop\\dibimbing\\React\\mini project dewa\\src\\pages\\Login\\Login.jsx": {"path":"C:\\Users\\Dewa\\Desktop\\dibimbing\\React\\mini project dewa\\src\\pages\\Login\\Login.jsx","statementMap":{"0":{"start":{"line":7,"column":19},"end":{"line":7,"column":32}},"1":{"start":{"line":8,"column":20},"end":{"line":8,"column":29}},"2":{"start":{"line":9,"column":28},"end":{"line":9,"column":40}},"3":{"start":{"line":10,"column":34},"end":{"line":10,"column":46}},"4":{"start":{"line":11,"column":32},"end":{"line":11,"column":47}},"5":{"start":{"line":12,"column":32},"end":{"line":12,"column":44}},"6":{"start":{"line":14,"column":22},"end":{"line":82,"column":3}},"7":{"start":{"line":15,"column":4},"end":{"line":15,"column":23}},"8":{"start":{"line":16,"column":4},"end":{"line":16,"column":21}},"9":{"start":{"line":17,"column":4},"end":{"line":17,"column":19}},"10":{"start":{"line":20,"column":18},"end":{"line":20,"column":67}},"11":{"start":{"line":21,"column":22},"end":{"line":21,"column":83}},"12":{"start":{"line":21,"column":38},"end":{"line":21,"column":82}},"13":{"start":{"line":23,"column":4},"end":{"line":37,"column":5}},"14":{"start":{"line":25,"column":23},"end":{"line":30,"column":7}},"15":{"start":{"line":32,"column":6},"end":{"line":32,"column":39}},"16":{"start":{"line":33,"column":6},"end":{"line":33,"column":53}},"17":{"start":{"line":34,"column":6},"end":{"line":34,"column":53}},"18":{"start":{"line":34,"column":23},"end":{"line":34,"column":45}},"19":{"start":{"line":35,"column":6},"end":{"line":35,"column":24}},"20":{"start":{"line":36,"column":6},"end":{"line":36,"column":13}},"21":{"start":{"line":40,"column":4},"end":{"line":81,"column":5}},"22":{"start":{"line":41,"column":18},"end":{"line":45,"column":7}},"23":{"start":{"line":48,"column":17},"end":{"line":48,"column":51}},"24":{"start":{"line":48,"column":33},"end":{"line":48,"column":50}},"25":{"start":{"line":50,"column":6},"end":{"line":63,"column":7}},"26":{"start":{"line":51,"column":8},"end":{"line":60,"column":10}},"27":{"start":{"line":61,"column":8},"end":{"line":61,"column":25}},"28":{"start":{"line":62,"column":8},"end":{"line":62,"column":61}},"29":{"start":{"line":65,"column":23},"end":{"line":70,"column":7}},"30":{"start":{"line":72,"column":6},"end":{"line":72,"column":38}},"31":{"start":{"line":73,"column":6},"end":{"line":73,"column":53}},"32":{"start":{"line":74,"column":6},"end":{"line":74,"column":53}},"33":{"start":{"line":74,"column":23},"end":{"line":74,"column":45}},"34":{"start":{"line":77,"column":6},"end":{"line":77,"column":27}},"35":{"start":{"line":78,"column":6},"end":{"line":78,"column":47}},"36":{"start":{"line":80,"column":6},"end":{"line":80,"column":24}},"37":{"start":{"line":84,"column":2},"end":{"line":147,"column":4}},"38":{"start":{"line":87,"column":23},"end":{"line":87,"column":36}},"39":{"start":{"line":104,"column":31},"end":{"line":104,"column":55}},"40":{"start":{"line":116,"column":31},"end":{"line":116,"column":58}},"41":{"start":{"line":139,"column":27},"end":{"line":139,"column":48}}},"fnMap":{"0":{"name":"Login","decl":{"start":{"line":6,"column":9},"end":{"line":6,"column":14}},"loc":{"start":{"line":6,"column":17},"end":{"line":148,"column":1}},"line":6},"1":{"name":"(anonymous_1)","decl":{"start":{"line":14,"column":22},"end":{"line":14,"column":23}},"loc":{"start":{"line":14,"column":35},"end":{"line":82,"column":3}},"line":14},"2":{"name":"(anonymous_2)","decl":{"start":{"line":21,"column":33},"end":{"line":21,"column":34}},"loc":{"start":{"line":21,"column":38},"end":{"line":21,"column":82}},"line":21},"3":{"name":"(anonymous_3)","decl":{"start":{"line":34,"column":17},"end":{"line":34,"column":18}},"loc":{"start":{"line":34,"column":23},"end":{"line":34,"column":45}},"line":34},"4":{"name":"(anonymous_4)","decl":{"start":{"line":48,"column":28},"end":{"line":48,"column":29}},"loc":{"start":{"line":48,"column":33},"end":{"line":48,"column":50}},"line":48},"5":{"name":"(anonymous_5)","decl":{"start":{"line":74,"column":17},"end":{"line":74,"column":18}},"loc":{"start":{"line":74,"column":23},"end":{"line":74,"column":45}},"line":74},"6":{"name":"(anonymous_6)","decl":{"start":{"line":87,"column":17},"end":{"line":87,"column":18}},"loc":{"start":{"line":87,"column":23},"end":{"line":87,"column":36}},"line":87},"7":{"name":"(anonymous_7)","decl":{"start":{"line":104,"column":24},"end":{"line":104,"column":25}},"loc":{"start":{"line":104,"column":31},"end":{"line":104,"column":55}},"line":104},"8":{"name":"(anonymous_8)","decl":{"start":{"line":116,"column":24},"end":{"line":116,"column":25}},"loc":{"start":{"line":116,"column":31},"end":{"line":116,"column":58}},"line":116},"9":{"name":"(anonymous_9)","decl":{"start":{"line":139,"column":21},"end":{"line":139,"column":22}},"loc":{"start":{"line":139,"column":27},"end":{"line":139,"column":48}},"line":139}},"branchMap":{"0":{"loc":{"start":{"line":20,"column":29},"end":{"line":20,"column":66}},"type":"binary-expr","locations":[{"start":{"line":20,"column":29},"end":{"line":20,"column":58}},{"start":{"line":20,"column":62},"end":{"line":20,"column":66}}],"line":20},"1":{"loc":{"start":{"line":21,"column":38},"end":{"line":21,"column":82}},"type":"binary-expr","locations":[{"start":{"line":21,"column":38},"end":{"line":21,"column":55}},{"start":{"line":21,"column":59},"end":{"line":21,"column":82}}],"line":21},"2":{"loc":{"start":{"line":23,"column":4},"end":{"line":37,"column":5}},"type":"if","locations":[{"start":{"line":23,"column":4},"end":{"line":37,"column":5}},{"start":{},"end":{}}],"line":23},"3":{"loc":{"start":{"line":50,"column":6},"end":{"line":63,"column":7}},"type":"if","locations":[{"start":{"line":50,"column":6},"end":{"line":63,"column":7}},{"start":{},"end":{}}],"line":50},"4":{"loc":{"start":{"line":126,"column":13},"end":{"line":126,"column":48}},"type":"cond-expr","locations":[{"start":{"line":126,"column":23},"end":{"line":126,"column":38}},{"start":{"line":126,"column":41},"end":{"line":126,"column":48}}],"line":126},"5":{"loc":{"start":{"line":129,"column":11},"end":{"line":133,"column":11}},"type":"binary-expr","locations":[{"start":{"line":129,"column":11},"end":{"line":129,"column":18}},{"start":{"line":130,"column":12},"end":{"line":132,"column":16}}],"line":129},"6":{"loc":{"start":{"line":130,"column":54},"end":{"line":130,"column":120}},"type":"cond-expr","locations":[{"start":{"line":130,"column":87},"end":{"line":130,"column":103}},{"start":{"line":130,"column":106},"end":{"line":130,"column":120}}],"line":130}},"s":{"0":2,"1":2,"2":2,"3":2,"4":2,"5":2,"6":2,"7":0,"8":0,"9":0,"10":0,"11":0,"12":0,"13":0,"14":0,"15":0,"16":0,"17":0,"18":0,"19":0,"20":0,"21":0,"22":0,"23":0,"24":0,"25":0,"26":0,"27":0,"28":0,"29":0,"30":0,"31":0,"32":0,"33":0,"34":0,"35":0,"36":0,"37":2,"38":0,"39":0,"40":0,"41":0},"f":{"0":2,"1":0,"2":0,"3":0,"4":0,"5":0,"6":0,"7":0,"8":0,"9":0},"b":{"0":[0,0],"1":[0,0],"2":[0,0],"3":[0,0],"4":[0,2],"5":[2,0],"6":[0,0]},"_coverageSchema":"1a1c01bbd47fc00a2c39e90264f33305004495a9","hash":"0a9a2e5b97c5060748600c7e693ec2d7045798f8"}
,"C:\\Users\\Dewa\\Desktop\\dibimbing\\React\\mini project dewa\\src\\pages\\Register\\Register.jsx": {"path":"C:\\Users\\Dewa\\Desktop\\dibimbing\\React\\mini project dewa\\src\\pages\\Register\\Register.jsx","statementMap":{"0":{"start":{"line":5,"column":19},"end":{"line":5,"column":32}},"1":{"start":{"line":6,"column":28},"end":{"line":6,"column":40}},"2":{"start":{"line":7,"column":34},"end":{"line":7,"column":46}},"3":{"start":{"line":8,"column":48},"end":{"line":8,"column":60}},"4":{"start":{"line":9,"column":26},"end":{"line":9,"column":38}},"5":{"start":{"line":10,"column":32},"end":{"line":10,"column":47}},"6":{"start":{"line":11,"column":32},"end":{"line":11,"column":44}},"7":{"start":{"line":13,"column":25},"end":{"line":73,"column":3}},"8":{"start":{"line":14,"column":4},"end":{"line":14,"column":23}},"9":{"start":{"line":15,"column":4},"end":{"line":15,"column":21}},"10":{"start":{"line":16,"column":4},"end":{"line":16,"column":19}},"11":{"start":{"line":18,"column":4},"end":{"line":22,"column":5}},"12":{"start":{"line":19,"column":6},"end":{"line":19,"column":43}},"13":{"start":{"line":20,"column":6},"end":{"line":20,"column":24}},"14":{"start":{"line":21,"column":6},"end":{"line":21,"column":13}},"15":{"start":{"line":24,"column":4},"end":{"line":28,"column":5}},"16":{"start":{"line":25,"column":6},"end":{"line":25,"column":60}},"17":{"start":{"line":26,"column":6},"end":{"line":26,"column":24}},"18":{"start":{"line":27,"column":6},"end":{"line":27,"column":13}},"19":{"start":{"line":30,"column":4},"end":{"line":72,"column":5}},"20":{"start":{"line":31,"column":20},"end":{"line":31,"column":69}},"21":{"start":{"line":33,"column":27},"end":{"line":33,"column":61}},"22":{"start":{"line":33,"column":43},"end":{"line":33,"column":60}},"23":{"start":{"line":34,"column":6},"end":{"line":38,"column":7}},"24":{"start":{"line":35,"column":8},"end":{"line":35,"column":62}},"25":{"start":{"line":36,"column":8},"end":{"line":36,"column":26}},"26":{"start":{"line":37,"column":8},"end":{"line":37,"column":15}},"27":{"start":{"line":40,"column":22},"end":{"line":49,"column":7}},"28":{"start":{"line":52,"column":6},"end":{"line":52,"column":26}},"29":{"start":{"line":53,"column":6},"end":{"line":53,"column":59}},"30":{"start":{"line":56,"column":6},"end":{"line":56,"column":51}},"31":{"start":{"line":57,"column":6},"end":{"line":62,"column":10}},"32":{"start":{"line":64,"column":6},"end":{"line":64,"column":60}},"33":{"start":{"line":65,"column":6},"end":{"line":65,"column":53}},"34":{"start":{"line":65,"column":23},"end":{"line":65,"column":45}},"35":{"start":{"line":68,"column":6},"end":{"line":68,"column":27}},"36":{"start":{"line":69,"column":6},"end":{"line":69,"column":59}},"37":{"start":{"line":71,"column":6},"end":{"line":71,"column":24}},"38":{"start":{"line":75,"column":2},"end":{"line":163,"column":4}},"39":{"start":{"line":78,"column":23},"end":{"line":78,"column":36}},"40":{"start":{"line":95,"column":31},"end":{"line":95,"column":54}},"41":{"start":{"line":107,"column":31},"end":{"line":107,"column":55}},"42":{"start":{"line":119,"column":31},"end":{"line":119,"column":58}},"43":{"start":{"line":132,"column":31},"end":{"line":132,"column":65}},"44":{"start":{"line":155,"column":27},"end":{"line":155,"column":45}}},"fnMap":{"0":{"name":"Register","decl":{"start":{"line":4,"column":9},"end":{"line":4,"column":17}},"loc":{"start":{"line":4,"column":20},"end":{"line":164,"column":1}},"line":4},"1":{"name":"(anonymous_1)","decl":{"start":{"line":13,"column":25},"end":{"line":13,"column":26}},"loc":{"start":{"line":13,"column":38},"end":{"line":73,"column":3}},"line":13},"2":{"name":"(anonymous_2)","decl":{"start":{"line":33,"column":38},"end":{"line":33,"column":39}},"loc":{"start":{"line":33,"column":43},"end":{"line":33,"column":60}},"line":33},"3":{"name":"(anonymous_3)","decl":{"start":{"line":65,"column":17},"end":{"line":65,"column":18}},"loc":{"start":{"line":65,"column":23},"end":{"line":65,"column":45}},"line":65},"4":{"name":"(anonymous_4)","decl":{"start":{"line":78,"column":17},"end":{"line":78,"column":18}},"loc":{"start":{"line":78,"column":23},"end":{"line":78,"column":36}},"line":78},"5":{"name":"(anonymous_5)","decl":{"start":{"line":95,"column":24},"end":{"line":95,"column":25}},"loc":{"start":{"line":95,"column":31},"end":{"line":95,"column":54}},"line":95},"6":{"name":"(anonymous_6)","decl":{"start":{"line":107,"column":24},"end":{"line":107,"column":25}},"loc":{"start":{"line":107,"column":31},"end":{"line":107,"column":55}},"line":107},"7":{"name":"(anonymous_7)","decl":{"start":{"line":119,"column":24},"end":{"line":119,"column":25}},"loc":{"start":{"line":119,"column":31},"end":{"line":119,"column":58}},"line":119},"8":{"name":"(anonymous_8)","decl":{"start":{"line":132,"column":24},"end":{"line":132,"column":25}},"loc":{"start":{"line":132,"column":31},"end":{"line":132,"column":65}},"line":132},"9":{"name":"(anonymous_9)","decl":{"start":{"line":155,"column":21},"end":{"line":155,"column":22}},"loc":{"start":{"line":155,"column":27},"end":{"line":155,"column":45}},"line":155}},"branchMap":{"0":{"loc":{"start":{"line":18,"column":4},"end":{"line":22,"column":5}},"type":"if","locations":[{"start":{"line":18,"column":4},"end":{"line":22,"column":5}},{"start":{},"end":{}}],"line":18},"1":{"loc":{"start":{"line":24,"column":4},"end":{"line":28,"column":5}},"type":"if","locations":[{"start":{"line":24,"column":4},"end":{"line":28,"column":5}},{"start":{},"end":{}}],"line":24},"2":{"loc":{"start":{"line":31,"column":31},"end":{"line":31,"column":68}},"type":"binary-expr","locations":[{"start":{"line":31,"column":31},"end":{"line":31,"column":60}},{"start":{"line":31,"column":64},"end":{"line":31,"column":68}}],"line":31},"3":{"loc":{"start":{"line":34,"column":6},"end":{"line":38,"column":7}},"type":"if","locations":[{"start":{"line":34,"column":6},"end":{"line":38,"column":7}},{"start":{},"end":{}}],"line":34},"4":{"loc":{"start":{"line":142,"column":13},"end":{"line":142,"column":56}},"type":"cond-expr","locations":[{"start":{"line":142,"column":23},"end":{"line":142,"column":44}},{"start":{"line":142,"column":47},"end":{"line":142,"column":56}}],"line":142},"5":{"loc":{"start":{"line":145,"column":11},"end":{"line":149,"column":11}},"type":"binary-expr","locations":[{"start":{"line":145,"column":11},"end":{"line":145,"column":18}},{"start":{"line":146,"column":12},"end":{"line":148,"column":16}}],"line":145},"6":{"loc":{"start":{"line":146,"column":54},"end":{"line":146,"column":120}},"type":"cond-expr","locations":[{"start":{"line":146,"column":87},"end":{"line":146,"column":103}},{"start":{"line":146,"column":106},"end":{"line":146,"column":120}}],"line":146}},"s":{"0":1,"1":1,"2":1,"3":1,"4":1,"5":1,"6":1,"7":1,"8":0,"9":0,"10":0,"11":0,"12":0,"13":0,"14":0,"15":0,"16":0,"17":0,"18":0,"19":0,"20":0,"21":0,"22":0,"23":0,"24":0,"25":0,"26":0,"27":0,"28":0,"29":0,"30":0,"31":0,"32":0,"33":0,"34":0,"35":0,"36":0,"37":0,"38":1,"39":0,"40":0,"41":0,"42":0,"43":0,"44":0},"f":{"0":1,"1":0,"2":0,"3":0,"4":0,"5":0,"6":0,"7":0,"8":0,"9":0},"b":{"0":[0,0],"1":[0,0],"2":[0,0],"3":[0,0],"4":[0,1],"5":[1,0],"6":[0,0]},"_coverageSchema":"1a1c01bbd47fc00a2c39e90264f33305004495a9","hash":"6d411838aff3899fe2d3e138eca2abc66b715c32"}
}
