TN:
SF:src\App.jsx
FN:6,(anonymous_0)
FN:7,(anonymous_1)
FN:8,(anonymous_2)
FN:9,(anonymous_3)
FN:10,(anonymous_4)
FN:11,(anonymous_5)
FN:13,(anonymous_6)
FN:19,App
FNF:8
FNH:0
FNDA:0,(anonymous_0)
FNDA:0,(anonymous_1)
FNDA:0,(anonymous_2)
FNDA:0,(anonymous_3)
FNDA:0,(anonymous_4)
FNDA:0,(anonymous_5)
FNDA:0,(anonymous_6)
FNDA:0,App
DA:6,0
DA:7,0
DA:8,0
DA:9,0
DA:10,0
DA:11,0
DA:13,0
DA:14,0
DA:20,0
LF:9
LH:0
BRF:0
BRH:0
end_of_record
TN:
SF:src\test_utils.jsx
FN:6,renderWithProviders
FN:21,(anonymous_1)
FNF:2
FNH:2
FNDA:8,renderWithProviders
FNDA:8,(anonymous_1)
DA:21,8
DA:22,8
DA:29,8
LF:3
LH:3
BRDA:8,0,0,2
BRDA:9,1,0,2
BRDA:10,2,0,2
BRF:3
BRH:3
end_of_record
TN:
SF:src\Context\AuthContext.jsx
FN:6,(anonymous_0)
FN:14,(anonymous_1)
FN:19,(anonymous_2)
FN:23,(anonymous_3)
FN:37,(anonymous_4)
FN:44,(anonymous_5)
FNF:6
FNH:0
FNDA:0,(anonymous_0)
FNDA:0,(anonymous_1)
FNDA:0,(anonymous_2)
FNDA:0,(anonymous_3)
FNDA:0,(anonymous_4)
FNDA:0,(anonymous_5)
DA:4,0
DA:6,0
DA:7,0
DA:8,0
DA:9,0
DA:11,0
DA:14,0
DA:15,0
DA:16,0
DA:17,0
DA:19,0
DA:20,0
DA:23,0
DA:24,0
DA:25,0
DA:27,0
DA:28,0
DA:29,0
DA:31,0
DA:32,0
DA:34,0
DA:37,0
DA:38,0
DA:39,0
DA:40,0
DA:41,0
DA:44,0
DA:45,0
DA:46,0
DA:47,0
DA:48,0
DA:51,0
DA:60,0
LF:33
LH:0
BRDA:8,0,0,0
BRDA:8,0,1,0
BRDA:27,1,0,0
BRDA:27,1,1,0
BRDA:27,2,0,0
BRDA:27,2,1,0
BRF:6
BRH:0
end_of_record
TN:
SF:src\components\About.jsx
FN:1,About
FNF:1
FNH:1
FNDA:2,About
DA:2,2
LF:1
LH:1
BRF:0
BRH:0
end_of_record
TN:
SF:src\components\Contact.jsx
FN:1,Contact
FNF:1
FNH:1
FNDA:2,Contact
DA:2,2
LF:1
LH:1
BRF:0
BRH:0
end_of_record
TN:
SF:src\components\Footer.jsx
FN:1,Footer
FNF:1
FNH:1
FNDA:2,Footer
DA:2,2
LF:1
LH:1
BRF:0
BRH:0
end_of_record
TN:
SF:src\components\Hero.jsx
FN:1,Hero
FNF:1
FNH:1
FNDA:2,Hero
DA:2,2
LF:1
LH:1
BRF:0
BRH:0
end_of_record
TN:
SF:src\components\Menu.jsx
FN:3,Menu
FN:17,(anonymous_1)
FNF:2
FNH:2
FNDA:2,Menu
FNDA:6,(anonymous_1)
DA:4,2
DA:10,2
DA:18,6
LF:3
LH:3
BRF:0
BRH:0
end_of_record
TN:
SF:src\components\MenuItem.jsx
FN:1,MenuItem
FNF:1
FNH:1
FNDA:7,MenuItem
DA:2,7
LF:1
LH:1
BRF:0
BRH:0
end_of_record
TN:
SF:src\components\Navbar.jsx
FN:4,Navbar
FN:8,(anonymous_1)
FN:12,(anonymous_2)
FN:37,(anonymous_3)
FN:43,(anonymous_4)
FN:125,(anonymous_5)
FN:134,(anonymous_6)
FNF:7
FNH:1
FNDA:2,Navbar
FNDA:0,(anonymous_1)
FNDA:0,(anonymous_2)
FNDA:0,(anonymous_3)
FNDA:0,(anonymous_4)
FNDA:0,(anonymous_5)
FNDA:0,(anonymous_6)
DA:5,2
DA:6,2
DA:8,2
DA:9,0
DA:12,2
DA:13,0
DA:16,2
DA:37,0
DA:43,0
DA:126,0
DA:127,0
DA:135,0
DA:136,0
LF:13
LH:5
BRDA:55,0,0,0
BRDA:55,0,1,2
BRDA:91,1,0,0
BRDA:91,1,1,2
BRF:4
BRH:2
end_of_record
TN:
SF:src\components\DeleteModal\DeleteModal.jsx
FN:4,(anonymous_0)
FN:20,(anonymous_1)
FNF:2
FNH:2
FNDA:2,(anonymous_0)
FNDA:2,(anonymous_1)
DA:4,3
DA:11,2
DA:13,1
DA:20,2
DA:97,3
LF:5
LH:5
BRDA:9,0,0,1
BRDA:11,1,0,1
BRDA:11,1,1,1
BRDA:50,2,0,1
BRDA:50,2,1,0
BRDA:85,3,0,1
BRDA:85,3,1,0
BRF:7
BRH:5
end_of_record
TN:
SF:src\components\DocumentCard\DocumentCard.jsx
FN:3,(anonymous_0)
FN:33,(anonymous_1)
FN:59,(anonymous_2)
FN:79,(anonymous_3)
FNF:4
FNH:1
FNDA:1,(anonymous_0)
FNDA:0,(anonymous_1)
FNDA:0,(anonymous_2)
FNDA:0,(anonymous_3)
DA:3,1
DA:10,1
DA:33,0
DA:59,0
DA:79,0
LF:5
LH:2
BRDA:8,0,0,1
BRDA:30,1,0,1
BRDA:30,1,1,1
BRF:3
BRH:3
end_of_record
TN:
SF:src\components\DocumentForm\DocumentForm.jsx
FN:3,(anonymous_0)
FN:19,(anonymous_1)
FN:30,(anonymous_2)
FN:51,(anonymous_3)
FN:53,(anonymous_4)
FN:60,(anonymous_5)
FN:67,(anonymous_6)
FN:161,(anonymous_7)
FNF:8
FNH:2
FNDA:1,(anonymous_0)
FNDA:1,(anonymous_1)
FNDA:0,(anonymous_2)
FNDA:0,(anonymous_3)
FNDA:0,(anonymous_4)
FNDA:0,(anonymous_5)
FNDA:0,(anonymous_6)
FNDA:0,(anonymous_7)
DA:3,1
DA:10,1
DA:17,1
DA:19,1
DA:20,1
DA:21,0
DA:30,1
DA:31,0
DA:33,0
DA:34,0
DA:37,0
DA:38,0
DA:41,0
DA:42,0
DA:43,0
DA:44,0
DA:47,0
DA:48,0
DA:51,1
DA:52,0
DA:53,0
DA:59,0
DA:60,0
DA:67,1
DA:68,0
DA:69,0
DA:70,0
DA:74,1
DA:162,0
LF:29
LH:9
BRDA:4,0,0,1
BRDA:7,1,0,1
BRDA:8,2,0,1
BRDA:20,3,0,0
BRDA:20,3,1,1
BRDA:22,4,0,0
BRDA:22,4,1,0
BRDA:23,5,0,0
BRDA:23,5,1,0
BRDA:24,6,0,0
BRDA:24,6,1,0
BRDA:25,7,0,0
BRDA:25,7,1,0
BRDA:33,8,0,0
BRDA:33,8,1,0
BRDA:37,9,0,0
BRDA:37,9,1,0
BRDA:41,10,0,0
BRDA:41,10,1,0
BRDA:43,11,0,0
BRDA:43,11,1,0
BRDA:59,12,0,0
BRDA:59,12,1,0
BRDA:69,13,0,0
BRDA:69,13,1,0
BRDA:79,14,0,0
BRDA:79,14,1,1
BRDA:95,15,0,0
BRDA:95,15,1,1
BRDA:99,16,0,1
BRDA:99,16,1,0
BRDA:114,17,0,0
BRDA:114,17,1,1
BRDA:118,18,0,1
BRDA:118,18,1,0
BRDA:134,19,0,0
BRDA:134,19,1,1
BRDA:138,20,0,1
BRDA:138,20,1,0
BRDA:155,21,0,1
BRDA:155,21,1,0
BRDA:183,22,0,1
BRDA:183,22,1,0
BRDA:186,23,0,0
BRDA:186,23,1,1
BRF:45
BRH:14
end_of_record
TN:
SF:src\components\ModalHeader\ModalHeader.jsx
FN:3,(anonymous_0)
FNF:1
FNH:1
FNDA:1,(anonymous_0)
DA:3,3
DA:4,1
DA:29,3
LF:3
LH:3
BRF:0
BRH:0
end_of_record
TN:
SF:src\components\Pagination\Pagination.jsx
FN:3,(anonymous_0)
FNF:1
FNH:1
FNDA:2,(anonymous_0)
DA:3,2
DA:10,2
LF:2
LH:2
BRDA:8,0,0,2
BRDA:22,1,0,1
BRDA:22,1,1,1
BRDA:34,2,0,1
BRDA:34,2,1,1
BRF:5
BRH:5
end_of_record
TN:
SF:src\components\ProtectedRoute\ProtectedRoute.jsx
FN:4,(anonymous_0)
FNF:1
FNH:1
FNDA:4,(anonymous_0)
DA:4,2
DA:5,4
DA:8,4
DA:9,0
DA:17,4
DA:18,2
DA:22,2
LF:7
LH:6
BRDA:8,0,0,0
BRDA:8,0,1,4
BRDA:17,1,0,2
BRDA:17,1,1,2
BRF:4
BRH:3
end_of_record
TN:
SF:src\components\SearchBar\SearchBar.jsx
FN:3,(anonymous_0)
FN:11,(anonymous_1)
FN:17,(anonymous_2)
FNF:3
FNH:3
FNDA:2,(anonymous_0)
FNDA:1,(anonymous_1)
FNDA:1,(anonymous_2)
DA:3,2
DA:9,2
DA:11,2
DA:12,1
DA:14,1
DA:15,0
DA:17,1
DA:18,1
DA:21,2
LF:9
LH:8
BRDA:6,0,0,1
BRDA:7,1,0,2
BRDA:14,2,0,0
BRDA:14,2,1,1
BRF:4
BRH:3
end_of_record
TN:
SF:src\components\UserAvatar\UserAvatar.jsx
FN:3,(anonymous_0)
FNF:1
FNH:1
FNDA:2,(anonymous_0)
DA:3,4
DA:9,2
DA:15,2
DA:17,2
DA:28,4
LF:5
LH:5
BRDA:6,0,0,1
BRDA:7,1,0,2
BRDA:15,2,0,0
BRDA:15,2,1,2
BRF:4
BRH:3
end_of_record
TN:
SF:src\components\UserInfo\UserInfo.jsx
FN:3,(anonymous_0)
FNF:1
FNH:1
FNDA:1,(anonymous_0)
DA:3,3
DA:4,1
DA:16,3
LF:3
LH:3
BRF:0
BRH:0
end_of_record
TN:
SF:src\components\UserTable\UserTable.jsx
FN:9,(anonymous_0)
FN:23,(anonymous_1)
FN:29,(anonymous_2)
FN:36,(anonymous_3)
FN:40,(anonymous_4)
FN:44,(anonymous_5)
FN:49,(anonymous_6)
FN:62,(anonymous_7)
FN:113,(anonymous_8)
FN:137,(anonymous_9)
FN:163,(anonymous_10)
FN:183,(anonymous_11)
FN:224,(anonymous_12)
FNF:13
FNH:2
FNDA:2,(anonymous_0)
FNDA:0,(anonymous_1)
FNDA:0,(anonymous_2)
FNDA:0,(anonymous_3)
FNDA:0,(anonymous_4)
FNDA:0,(anonymous_5)
FNDA:0,(anonymous_6)
FNDA:0,(anonymous_7)
FNDA:1,(anonymous_8)
FNDA:0,(anonymous_9)
FNDA:0,(anonymous_10)
FNDA:0,(anonymous_11)
FNDA:0,(anonymous_12)
DA:9,2
DA:14,2
DA:15,2
DA:17,2
DA:18,2
DA:19,2
DA:20,2
DA:23,2
DA:24,0
DA:25,0
DA:26,0
DA:29,2
DA:30,0
DA:31,0
DA:32,0
DA:36,2
DA:37,0
DA:40,2
DA:41,0
DA:44,2
DA:45,0
DA:46,0
DA:49,2
DA:50,0
DA:52,0
DA:53,0
DA:54,0
DA:55,0
DA:56,0
DA:58,0
DA:62,2
DA:63,0
DA:64,0
DA:67,2
DA:68,1
DA:76,1
DA:77,0
DA:84,1
DA:114,1
DA:137,0
DA:163,0
DA:183,0
DA:224,0
DA:270,2
LF:44
LH:20
BRDA:10,0,0,0
BRDA:11,1,0,1
BRDA:12,2,0,1
BRDA:50,3,0,0
BRDA:50,3,1,0
BRDA:53,4,0,0
BRDA:53,4,1,0
BRDA:67,5,0,1
BRDA:67,5,1,1
BRDA:76,6,0,0
BRDA:76,6,1,1
BRDA:112,7,0,1
BRDA:112,7,1,0
BRDA:217,8,0,1
BRDA:217,8,1,0
BRDA:217,8,2,0
BRF:16
BRH:7
end_of_record
TN:
SF:src\hooks\useUserDelete.js
FN:3,(anonymous_0)
FN:7,(anonymous_1)
FNF:2
FNH:2
FNDA:6,(anonymous_0)
FNDA:2,(anonymous_1)
DA:3,3
DA:4,6
DA:5,6
DA:7,6
DA:8,2
DA:9,2
DA:11,2
DA:12,2
DA:19,2
DA:20,1
DA:23,1
DA:25,1
DA:26,1
DA:28,2
DA:32,6
LF:15
LH:15
BRDA:19,0,0,1
BRDA:19,0,1,1
BRF:2
BRH:2
end_of_record
TN:
SF:src\hooks\useUsersFetch.js
FN:3,(anonymous_0)
FN:9,(anonymous_1)
FNF:2
FNH:2
FNDA:5,(anonymous_0)
FNDA:3,(anonymous_1)
DA:3,2
DA:4,5
DA:5,5
DA:6,5
DA:7,5
DA:9,5
DA:10,3
DA:11,3
DA:12,3
DA:13,3
DA:19,2
DA:20,1
DA:23,1
DA:24,1
DA:25,1
DA:26,1
DA:28,1
DA:29,1
DA:33,5
LF:19
LH:19
BRDA:19,0,0,1
BRDA:19,0,1,1
BRF:2
BRH:2
end_of_record
TN:
SF:src\pages\Dashboard\Dashboard.jsx
FN:9,(anonymous_0)
FN:18,(anonymous_1)
FN:23,(anonymous_2)
FN:28,(anonymous_3)
FN:36,(anonymous_4)
FN:43,(anonymous_5)
FN:50,(anonymous_6)
FN:55,(anonymous_7)
FNF:8
FNH:3
FNDA:1,(anonymous_0)
FNDA:1,(anonymous_1)
FNDA:1,(anonymous_2)
FNDA:0,(anonymous_3)
FNDA:0,(anonymous_4)
FNDA:0,(anonymous_5)
FNDA:0,(anonymous_6)
FNDA:0,(anonymous_7)
DA:9,1
DA:10,1
DA:11,1
DA:12,1
DA:14,1
DA:15,1
DA:18,1
DA:19,1
DA:23,1
DA:24,1
DA:25,1
DA:28,0
DA:29,0
DA:30,0
DA:31,0
DA:32,0
DA:36,1
DA:37,0
DA:38,0
DA:39,0
DA:43,1
DA:44,0
DA:45,0
DA:46,0
DA:50,1
DA:51,0
DA:52,0
DA:55,1
DA:56,0
DA:59,1
LF:30
LH:16
BRDA:24,0,0,1
BRDA:24,0,1,0
BRDA:32,1,0,0
BRDA:32,1,1,0
BRDA:37,2,0,0
BRDA:37,2,1,0
BRDA:44,3,0,0
BRDA:44,3,1,0
BRDA:68,4,0,1
BRDA:68,4,1,1
BRF:10
BRH:3
end_of_record
TN:
SF:src\pages\Home\Home.jsx
FN:8,Home
FNF:1
FNH:1
FNDA:1,Home
DA:9,1
LF:1
LH:1
BRF:0
BRH:0
end_of_record
TN:
SF:src\pages\Login\Login.jsx
FN:6,Login
FN:14,(anonymous_1)
FN:21,(anonymous_2)
FN:34,(anonymous_3)
FN:48,(anonymous_4)
FN:74,(anonymous_5)
FN:87,(anonymous_6)
FN:104,(anonymous_7)
FN:116,(anonymous_8)
FN:139,(anonymous_9)
FNF:10
FNH:1
FNDA:2,Login
FNDA:0,(anonymous_1)
FNDA:0,(anonymous_2)
FNDA:0,(anonymous_3)
FNDA:0,(anonymous_4)
FNDA:0,(anonymous_5)
FNDA:0,(anonymous_6)
FNDA:0,(anonymous_7)
FNDA:0,(anonymous_8)
FNDA:0,(anonymous_9)
DA:7,2
DA:8,2
DA:9,2
DA:10,2
DA:11,2
DA:12,2
DA:14,2
DA:15,0
DA:16,0
DA:17,0
DA:20,0
DA:21,0
DA:23,0
DA:25,0
DA:32,0
DA:33,0
DA:34,0
DA:35,0
DA:36,0
DA:40,0
DA:41,0
DA:48,0
DA:50,0
DA:51,0
DA:61,0
DA:62,0
DA:65,0
DA:72,0
DA:73,0
DA:74,0
DA:77,0
DA:78,0
DA:80,0
DA:84,2
DA:87,0
DA:104,0
DA:116,0
DA:139,0
LF:38
LH:8
BRDA:20,0,0,0
BRDA:20,0,1,0
BRDA:21,1,0,0
BRDA:21,1,1,0
BRDA:23,2,0,0
BRDA:23,2,1,0
BRDA:50,3,0,0
BRDA:50,3,1,0
BRDA:126,4,0,0
BRDA:126,4,1,2
BRDA:129,5,0,2
BRDA:129,5,1,0
BRDA:130,6,0,0
BRDA:130,6,1,0
BRF:14
BRH:2
end_of_record
TN:
SF:src\pages\Register\Register.jsx
FN:4,Register
FN:13,(anonymous_1)
FN:33,(anonymous_2)
FN:65,(anonymous_3)
FN:78,(anonymous_4)
FN:95,(anonymous_5)
FN:107,(anonymous_6)
FN:119,(anonymous_7)
FN:132,(anonymous_8)
FN:155,(anonymous_9)
FNF:10
FNH:1
FNDA:1,Register
FNDA:0,(anonymous_1)
FNDA:0,(anonymous_2)
FNDA:0,(anonymous_3)
FNDA:0,(anonymous_4)
FNDA:0,(anonymous_5)
FNDA:0,(anonymous_6)
FNDA:0,(anonymous_7)
FNDA:0,(anonymous_8)
FNDA:0,(anonymous_9)
DA:5,1
DA:6,1
DA:7,1
DA:8,1
DA:9,1
DA:10,1
DA:11,1
DA:13,1
DA:14,0
DA:15,0
DA:16,0
DA:18,0
DA:19,0
DA:20,0
DA:21,0
DA:24,0
DA:25,0
DA:26,0
DA:27,0
DA:30,0
DA:31,0
DA:33,0
DA:34,0
DA:35,0
DA:36,0
DA:37,0
DA:40,0
DA:52,0
DA:53,0
DA:56,0
DA:57,0
DA:64,0
DA:65,0
DA:68,0
DA:69,0
DA:71,0
DA:75,1
DA:78,0
DA:95,0
DA:107,0
DA:119,0
DA:132,0
DA:155,0
LF:43
LH:9
BRDA:18,0,0,0
BRDA:18,0,1,0
BRDA:24,1,0,0
BRDA:24,1,1,0
BRDA:31,2,0,0
BRDA:31,2,1,0
BRDA:34,3,0,0
BRDA:34,3,1,0
BRDA:142,4,0,0
BRDA:142,4,1,1
BRDA:145,5,0,1
BRDA:145,5,1,0
BRDA:146,6,0,0
BRDA:146,6,1,0
BRF:14
BRH:2
end_of_record
